<?xml version="1.0" ?>
<!DOCTYPE coverage
  SYSTEM 'http://cobertura.sourceforge.net/xml/coverage-04.dtd'>
<coverage branch-rate="0.9611111111111111" branches-covered="346" branches-valid="360" complexity="0" line-rate="0.917167381974249" lines-covered="2137" lines-valid="2330" timestamp="1786296648" version="2.0.3">
	<sources>
		<source>.</source>
	</sources>
	<packages>
		<package line-rate="0.9950666008880118" branch-rate="0.9657142857142857" name="tests" complexity="0">
			<classes>
				<class branch-rate="1.0" complexity="0" filename="tests/test_audible_keepalive.js" line-rate="1.0" name="tests.test_audible_keepalive.js">
					<methods>
						<method name="loadScript" signature="" line-rate="1.0" branch-rate="1.0">
							<lines>
								<line hits="12" number="6" branch="false"/>
							</lines>
						</method>
						<method name="createNode" signature="" line-rate="1.0" branch-rate="1.0">
							<lines>
								<line hits="10" number="11" branch="false"/>
							</lines>
						</method>
						<method name="connect" signature="" line-rate="1.0" branch-rate="1.0">
							<lines>
								<line hits="10" number="20" branch="false"/>
							</lines>
						</method>
						<method name="disconnect" signature="" line-rate="1.0" branch-rate="1.0">
							<lines>
								<line hits="4" number="21" branch="false"/>
							</lines>
						</method>
						<method name="start" signature="" line-rate="1.0" branch-rate="1.0">
							<lines>
								<line hits="5" number="22" branch="false"/>
							</lines>
						</method>
						<method name="stop" signature="" line-rate="1.0" branch-rate="1.0">
							<lines>
								<line hits="2" number="23" branch="false"/>
							</lines>
						</method>
						<method name="createFakeContext" signature="" line-rate="1.0" branch-rate="1.0">
							<lines>
								<line hits="5" number="29" branch="false"/>
							</lines>
						</method>
						<method name="createOscillator" signature="" line-rate="1.0" branch-rate="1.0">
							<lines>
								<line hits="5" number="34" branch="false"/>
							</lines>
						</method>
						<method name="createGain" signature="" line-rate="1.0" branch-rate="1.0">
							<lines>
								<line hits="5" number="35" branch="false"/>
							</lines>
						</method>
						<method name="resume" signature="" line-rate="0.0" branch-rate="0.0">
							<lines>
								<line hits="0" number="36" branch="false"/>
							</lines>
						</method>
						<method name="close" signature="" line-rate="1.0" branch-rate="1.0">
							<lines>
								<line hits="1" number="37" branch="false"/>
							</lines>
						</method>
						<method name="createHarness" signature="" line-rate="1.0" branch-rate="1.0">
							<lines>
								<line hits="11" number="42" branch="false"/>
							</lines>
						</method>
						<method name="AudioContext" signature="" line-rate="1.0" branch-rate="1.0">
							<lines>
								<line hits="4" number="46" branch="false"/>
							</lines>
						</method>
						<method name="create" signature="" line-rate="1.0" branch-rate="1.0">
							<lines>
								<line hits="11" number="57" branch="false"/>
							</lines>
						</method>
						<method name="anonymous_14" signature="" line-rate="1.0" branch-rate="1.0">
							<lines>
								<line hits="1" number="70" branch="false"/>
							</lines>
						</method>
						<method name="anonymous_15" signature="" line-rate="1.0" branch-rate="1.0">
							<lines>
								<line hits="1" number="82" branch="false"/>
							</lines>
						</method>
						<method name="anonymous_16" signature="" line-rate="1.0" branch-rate="1.0">
							<lines>
								<line hits="2" number="83" branch="false"/>
							</lines>
						</method>
						<method name="anonymous_17" signature="" line-rate="1.0" branch-rate="1.0">
							<lines>
								<line hits="6" number="91" branch="false"/>
							</lines>
						</method>
						<method name="anonymous_18" signature="" line-rate="1.0" branch-rate="1.0">
							<lines>
								<line hits="6" number="92" branch="false"/>
							</lines>
						</method>
						<method name="anonymous_19" signature="" line-rate="1.0" branch-rate="1.0">
							<lines>
								<line hits="1" number="107" branch="false"/>
							</lines>
						</method>
						<method name="anonymous_20" signature="" line-rate="1.0" branch-rate="1.0">
							<lines>
								<line hits="1" number="118" branch="false"/>
							</lines>
						</method>
						<method name="anonymous_21" signature="" line-rate="1.0" branch-rate="1.0">
							<lines>
								<line hits="1" number="126" branch="false"/>
							</lines>
						</method>
						<method name="anonymous_22" signature="" line-rate="1.0" branch-rate="1.0">
							<lines>
								<line hits="1" number="139" branch="false"/>
							</lines>
						</method>
						<method name="anonymous_23" signature="" line-rate="1.0" branch-rate="1.0">
							<lines>
								<line hits="1" number="152" branch="false"/>
							</lines>
						</method>
						<method name="anonymous_24" signature="" line-rate="1.0" branch-rate="1.0">
							<lines>
								<line hits="1" number="160" branch="false"/>
							</lines>
						</method>
						<method name="anonymous_25" signature="" line-rate="1.0" branch-rate="1.0">
							<lines>
								<line hits="1" number="166" branch="false"/>
							</lines>
						</method>
					</methods>
					<lines>
						<line branch="true" hits="1" number="1" condition-coverage="100% (1/1)"/>
						<line branch="false" hits="1" number="2"/>
						<line branch="false" hits="1" number="3"/>
						<line branch="false" hits="1" number="4"/>
						<line branch="false" hits="1" number="5"/>
						<line branch="true" hits="12" number="6" condition-coverage="100% (1/1)"/>
						<line branch="false" hits="12" number="7"/>
						<line branch="false" hits="12" number="8"/>
						<line branch="false" hits="12" number="9"/>
						<line branch="false" hits="1" number="10"/>
						<line branch="true" hits="10" number="11" condition-coverage="100% (1/1)"/>
						<line branch="false" hits="10" number="12"/>
						<line branch="false" hits="10" number="13"/>
						<line branch="false" hits="10" number="14"/>
						<line branch="false" hits="10" number="15"/>
						<line branch="false" hits="10" number="16"/>
						<line branch="false" hits="10" number="17"/>
						<line branch="false" hits="10" number="18"/>
						<line branch="false" hits="10" number="19"/>
						<line branch="true" hits="10" number="20" condition-coverage="100% (1/1)"/>
						<line branch="true" hits="10" number="21" condition-coverage="100% (1/1)"/>
						<line branch="true" hits="10" number="22" condition-coverage="100% (1/1)"/>
						<line branch="true" hits="10" number="23" condition-coverage="100% (1/1)"/>
						<line branch="false" hits="10" number="24"/>
						<line branch="false" hits="10" number="25"/>
						<line branch="false" hits="10" number="26"/>
						<line branch="false" hits="10" number="27"/>
						<line branch="false" hits="1" number="28"/>
						<line branch="true" hits="5" number="29" condition-coverage="100% (1/1)"/>
						<line branch="false" hits="5" number="30"/>
						<line branch="false" hits="5" number="31"/>
						<line branch="false" hits="5" number="32"/>
						<line branch="false" hits="5" number="33"/>
						<line branch="true" hits="5" number="34" condition-coverage="100% (1/1)"/>
						<line branch="true" hits="5" number="35" condition-coverage="100% (1/1)"/>
						<line branch="false" hits="5" number="36"/>
						<line branch="true" hits="5" number="37" condition-coverage="100% (1/1)"/>
						<line branch="false" hits="5" number="38"/>
						<line branch="false" hits="5" number="39"/>
						<line branch="false" hits="5" number="40"/>
						<line branch="false" hits="1" number="41"/>
						<line branch="true" hits="11" number="42" condition-coverage="100% (1/1)"/>
						<line branch="false" hits="11" number="43"/>
						<line branch="false" hits="11" number="44"/>
						<line branch="false" hits="11" number="45"/>
						<line branch="true" hits="11" number="46" condition-coverage="100% (1/1)"/>
						<line branch="false" hits="4" number="47"/>
						<line branch="false" hits="4" number="48"/>
						<line branch="false" hits="4" number="49"/>
						<line branch="false" hits="11" number="50"/>
						<line branch="false" hits="11" number="51"/>
						<line branch="false" hits="11" number="52"/>
						<line branch="false" hits="11" number="53"/>
						<line branch="false" hits="11" number="54"/>
						<line branch="false" hits="11" number="55"/>
						<line branch="false" hits="11" number="56"/>
						<line branch="true" hits="11" number="57" condition-coverage="100% (1/1)"/>
						<line branch="false" hits="11" number="58"/>
						<line branch="false" hits="11" number="59"/>
						<line branch="false" hits="1" number="60"/>
						<line branch="false" hits="1" number="61"/>
						<line branch="false" hits="1" number="62"/>
						<line branch="false" hits="1" number="63"/>
						<line branch="false" hits="1" number="64"/>
						<line branch="false" hits="1" number="65"/>
						<line branch="false" hits="1" number="66"/>
						<line branch="false" hits="1" number="67"/>
						<line branch="false" hits="1" number="68"/>
						<line branch="false" hits="1" number="69"/>
						<line branch="true" hits="1" number="70" condition-coverage="100% (1/1)"/>
						<line branch="false" hits="1" number="71"/>
						<line branch="false" hits="1" number="72"/>
						<line branch="false" hits="1" number="73"/>
						<line branch="false" hits="1" number="74"/>
						<line branch="false" hits="1" number="75"/>
						<line branch="false" hits="1" number="76"/>
						<line branch="false" hits="1" number="77"/>
						<line branch="false" hits="1" number="78"/>
						<line branch="false" hits="1" number="79"/>
						<line branch="false" hits="1" number="80"/>
						<line branch="false" hits="1" number="81"/>
						<line branch="true" hits="1" number="82" condition-coverage="100% (1/1)"/>
						<line branch="true" hits="1" number="83" condition-coverage="100% (1/1)"/>
						<line branch="false" hits="1" number="84"/>
						<line branch="false" hits="1" number="85"/>
						<line branch="false" hits="1" number="86"/>
						<line branch="false" hits="1" number="87"/>
						<line branch="false" hits="1" number="88"/>
						<line branch="false" hits="1" number="89"/>
						<line branch="false" hits="1" number="90"/>
						<line branch="true" hits="1" number="91" condition-coverage="100% (1/1)"/>
						<line branch="true" hits="6" number="92" condition-coverage="100% (1/1)"/>
						<line branch="false" hits="6" number="93"/>
						<line branch="false" hits="6" number="94"/>
						<line branch="false" hits="6" number="95"/>
						<line branch="false" hits="6" number="96"/>
						<line branch="false" hits="6" number="97"/>
						<line branch="false" hits="6" number="98"/>
						<line branch="false" hits="6" number="99"/>
						<line branch="false" hits="6" number="100"/>
						<line branch="false" hits="6" number="101"/>
						<line branch="false" hits="6" number="102"/>
						<line branch="false" hits="6" number="103"/>
						<line branch="false" hits="6" number="104"/>
						<line branch="false" hits="1" number="105"/>
						<line branch="false" hits="1" number="106"/>
						<line branch="true" hits="1" number="107" condition-coverage="100% (1/1)"/>
						<line branch="false" hits="1" number="108"/>
						<line branch="false" hits="1" number="109"/>
						<line branch="false" hits="1" number="110"/>
						<line branch="false" hits="1" number="111"/>
						<line branch="false" hits="1" number="112"/>
						<line branch="false" hits="1" number="113"/>
						<line branch="false" hits="1" number="114"/>
						<line branch="false" hits="1" number="115"/>
						<line branch="false" hits="1" number="116"/>
						<line branch="false" hits="1" number="117"/>
						<line branch="true" hits="1" number="118" condition-coverage="100% (1/1)"/>
						<line branch="false" hits="1" number="119"/>
						<line branch="false" hits="1" number="120"/>
						<line branch="false" hits="1" number="121"/>
						<line branch="false" hits="1" number="122"/>
						<line branch="false" hits="1" number="123"/>
						<line branch="false" hits="1" number="124"/>
						<line branch="false" hits="1" number="125"/>
						<line branch="true" hits="1" number="126" condition-coverage="100% (1/1)"/>
						<line branch="false" hits="1" number="127"/>
						<line branch="false" hits="1" number="128"/>
						<line branch="false" hits="1" number="129"/>
						<line branch="false" hits="1" number="130"/>
						<line branch="false" hits="1" number="131"/>
						<line branch="false" hits="1" number="132"/>
						<line branch="false" hits="1" number="133"/>
						<line branch="false" hits="1" number="134"/>
						<line branch="false" hits="1" number="135"/>
						<line branch="false" hits="1" number="136"/>
						<line branch="false" hits="1" number="137"/>
						<line branch="false" hits="1" number="138"/>
						<line branch="true" hits="1" number="139" condition-coverage="100% (1/1)"/>
						<line branch="false" hits="1" number="140"/>
						<line branch="false" hits="1" number="141"/>
						<line branch="false" hits="1" number="142"/>
						<line branch="false" hits="1" number="143"/>
						<line branch="false" hits="1" number="144"/>
						<line branch="false" hits="1" number="145"/>
						<line branch="false" hits="1" number="146"/>
						<line branch="false" hits="1" number="147"/>
						<line branch="false" hits="1" number="148"/>
						<line branch="false" hits="1" number="149"/>
						<line branch="false" hits="1" number="150"/>
						<line branch="false" hits="1" number="151"/>
						<line branch="true" hits="1" number="152" condition-coverage="100% (1/1)"/>
						<line branch="false" hits="1" number="153"/>
						<line branch="false" hits="1" number="154"/>
						<line branch="false" hits="1" number="155"/>
						<line branch="false" hits="1" number="156"/>
						<line branch="false" hits="1" number="157"/>
						<line branch="false" hits="1" number="158"/>
						<line branch="false" hits="1" number="159"/>
						<line branch="true" hits="1" number="160" condition-coverage="100% (1/1)"/>
						<line branch="false" hits="1" number="161"/>
						<line branch="false" hits="1" number="162"/>
						<line branch="false" hits="1" number="163"/>
						<line branch="false" hits="1" number="164"/>
						<line branch="false" hits="1" number="165"/>
						<line branch="true" hits="1" number="166" condition-coverage="100% (1/1)"/>
						<line branch="false" hits="1" number="167"/>
						<line branch="false" hits="1" number="168"/>
						<line branch="false" hits="1" number="169"/>
						<line branch="false" hits="1" number="170"/>
						<line branch="false" hits="1" number="171"/>
						<line branch="false" hits="1" number="172"/>
						<line branch="false" hits="1" number="173"/>
						<line branch="false" hits="1" number="174"/>
						<line branch="false" hits="1" number="175"/>
						<line branch="false" hits="1" number="176"/>
					</lines>
				</class>
				<class branch-rate="0.9454545454545454" complexity="0" filename="tests/test_audio_watchdog.js" line-rate="1.0" name="tests.test_audio_watchdog.js">
					<methods>
						<method name="loadScript" signature="" line-rate="1.0" branch-rate="1.0">
							<lines>
								<line hits="15" number="6" branch="false"/>
							</lines>
						</method>
						<method name="flushMicrotasks" signature="" line-rate="1.0" branch-rate="1.0">
							<lines>
								<line hits="95" number="11" branch="false"/>
							</lines>
						</method>
						<method name="anonymous_2" signature="" line-rate="1.0" branch-rate="1.0">
							<lines>
								<line hits="95" number="12" branch="false"/>
							</lines>
						</method>
						<method name="createTrack" signature="" line-rate="1.0" branch-rate="1.0">
							<lines>
								<line hits="13" number="15" branch="false"/>
							</lines>
						</method>
						<method name="addEventListener" signature="" line-rate="0.0" branch-rate="0.0">
							<lines>
								<line hits="0" number="20" branch="false"/>
							</lines>
						</method>
						<method name="stop" signature="" line-rate="0.0" branch-rate="0.0">
							<lines>
								<line hits="0" number="21" branch="false"/>
							</lines>
						</method>
						<method name="createHarness" signature="" line-rate="1.0" branch-rate="1.0">
							<lines>
								<line hits="12" number="26" branch="false"/>
							</lines>
						</method>
						<method name="resume" signature="" line-rate="1.0" branch-rate="1.0">
							<lines>
								<line hits="3" number="39" branch="false"/>
							</lines>
						</method>
						<method name="setInterval" signature="" line-rate="0.0" branch-rate="0.0">
							<lines>
								<line hits="0" number="358" branch="false"/>
							</lines>
						</method>
						<method name="clearInterval" signature="" line-rate="0.0" branch-rate="0.0">
							<lines>
								<line hits="0" number="358" branch="false"/>
							</lines>
						</method>
						<method name="now" signature="" line-rate="1.0" branch-rate="1.0">
							<lines>
								<line hits="16" number="84" branch="false"/>
							</lines>
						</method>
						<method name="getDriverStats" signature="" line-rate="1.0" branch-rate="1.0">
							<lines>
								<line hits="93" number="57" branch="false"/>
							</lines>
						</method>
						<method name="restartDriver" signature="" line-rate="1.0" branch-rate="1.0">
							<lines>
								<line hits="19" number="58" branch="false"/>
							</lines>
						</method>
						<method name="recoverVisualizer" signature="" line-rate="1.0" branch-rate="1.0">
							<lines>
								<line hits="3" number="59" branch="false"/>
							</lines>
						</method>
						<method name="getAudioContext" signature="" line-rate="1.0" branch-rate="1.0">
							<lines>
								<line hits="93" number="60" branch="false"/>
							</lines>
						</method>
						<method name="getTrack" signature="" line-rate="0.0" branch-rate="0.0">
							<lines>
								<line hits="0" number="299" branch="false"/>
							</lines>
						</method>
						<method name="getDeviceId" signature="" line-rate="1.0" branch-rate="1.0">
							<lines>
								<line hits="3" number="62" branch="false"/>
							</lines>
						</method>
						<method name="getDeviceLabel" signature="" line-rate="1.0" branch-rate="1.0">
							<lines>
								<line hits="3" number="63" branch="false"/>
							</lines>
						</method>
						<method name="listDevices" signature="" line-rate="1.0" branch-rate="1.0">
							<lines>
								<line hits="3" number="64" branch="false"/>
							</lines>
						</method>
						<method name="reconnect" signature="" line-rate="1.0" branch-rate="1.0">
							<lines>
								<line hits="2" number="68" branch="false"/>
							</lines>
						</method>
						<method name="onToast" signature="" line-rate="0.0" branch-rate="0.0">
							<lines>
								<line hits="0" number="300" branch="false"/>
							</lines>
						</method>
						<method name="setTrack" signature="" line-rate="1.0" branch-rate="1.0">
							<lines>
								<line hits="1" number="81" branch="false"/>
							</lines>
						</method>
						<method name="advance" signature="" line-rate="1.0" branch-rate="1.0">
							<lines>
								<line hits="82" number="83" branch="false"/>
							</lines>
						</method>
						<method name="tick" signature="" line-rate="1.0" branch-rate="1.0">
							<lines>
								<line hits="94" number="85" branch="false"/>
							</lines>
						</method>
						<method name="anonymous_26" signature="" line-rate="1.0" branch-rate="1.0">
							<lines>
								<line hits="1" number="92" branch="false"/>
							</lines>
						</method>
						<method name="anonymous_27" signature="" line-rate="1.0" branch-rate="1.0">
							<lines>
								<line hits="6" number="121" branch="false"/>
							</lines>
						</method>
						<method name="anonymous_28" signature="" line-rate="1.0" branch-rate="1.0">
							<lines>
								<line hits="1" number="136" branch="false"/>
							</lines>
						</method>
						<method name="anonymous_29" signature="" line-rate="1.0" branch-rate="1.0">
							<lines>
								<line hits="1" number="149" branch="false"/>
							</lines>
						</method>
						<method name="anonymous_30" signature="" line-rate="1.0" branch-rate="1.0">
							<lines>
								<line hits="1" number="159" branch="false"/>
							</lines>
						</method>
						<method name="anonymous_31" signature="" line-rate="1.0" branch-rate="1.0">
							<lines>
								<line hits="1" number="176" branch="false"/>
							</lines>
						</method>
						<method name="anonymous_32" signature="" line-rate="1.0" branch-rate="1.0">
							<lines>
								<line hits="1" number="196" branch="false"/>
							</lines>
						</method>
						<method name="anonymous_33" signature="" line-rate="1.0" branch-rate="1.0">
							<lines>
								<line hits="60" number="216" branch="false"/>
							</lines>
						</method>
						<method name="anonymous_34" signature="" line-rate="1.0" branch-rate="1.0">
							<lines>
								<line hits="1" number="235" branch="false"/>
							</lines>
						</method>
						<method name="anonymous_35" signature="" line-rate="1.0" branch-rate="1.0">
							<lines>
								<line hits="1" number="255" branch="false"/>
							</lines>
						</method>
						<method name="anonymous_36" signature="" line-rate="1.0" branch-rate="1.0">
							<lines>
								<line hits="1" number="273" branch="false"/>
							</lines>
						</method>
						<method name="anonymous_37" signature="" line-rate="1.0" branch-rate="1.0">
							<lines>
								<line hits="1" number="288" branch="false"/>
							</lines>
						</method>
						<method name="window.setInterval" signature="" line-rate="1.0" branch-rate="1.0">
							<lines>
								<line hits="1" number="293" branch="false"/>
							</lines>
						</method>
						<method name="isMonitoring" signature="" line-rate="1.0" branch-rate="1.0">
							<lines>
								<line hits="1" number="298" branch="false"/>
							</lines>
						</method>
						<method name="anonymous_44" signature="" line-rate="1.0" branch-rate="1.0">
							<lines>
								<line hits="1" number="311" branch="false"/>
							</lines>
						</method>
						<method name="anonymous_45" signature="" line-rate="1.0" branch-rate="1.0">
							<lines>
								<line hits="2" number="322" branch="false"/>
							</lines>
						</method>
						<method name="anonymous_46" signature="" line-rate="1.0" branch-rate="1.0">
							<lines>
								<line hits="1" number="325" branch="false"/>
							</lines>
						</method>
						<method name="anonymous_49" signature="" line-rate="1.0" branch-rate="1.0">
							<lines>
								<line hits="5" number="341" branch="false"/>
							</lines>
						</method>
						<method name="anonymous_50" signature="" line-rate="1.0" branch-rate="1.0">
							<lines>
								<line hits="4" number="344" branch="false"/>
							</lines>
						</method>
						<method name="anonymous_51" signature="" line-rate="1.0" branch-rate="1.0">
							<lines>
								<line hits="1" number="357" branch="false"/>
							</lines>
						</method>
					</methods>
					<lines>
						<line branch="true" hits="1" number="1" condition-coverage="100% (1/1)"/>
						<line branch="false" hits="1" number="2"/>
						<line branch="false" hits="1" number="3"/>
						<line branch="false" hits="1" number="4"/>
						<line branch="false" hits="1" number="5"/>
						<line branch="true" hits="15" number="6" condition-coverage="100% (1/1)"/>
						<line branch="false" hits="15" number="7"/>
						<line branch="false" hits="15" number="8"/>
						<line branch="false" hits="15" number="9"/>
						<line branch="false" hits="1" number="10"/>
						<line branch="true" hits="95" number="11" condition-coverage="100% (1/1)"/>
						<line branch="true" hits="95" number="12" condition-coverage="100% (1/1)"/>
						<line branch="false" hits="95" number="13"/>
						<line branch="false" hits="1" number="14"/>
						<line branch="true" hits="13" number="15" condition-coverage="100% (1/1)"/>
						<line branch="false" hits="13" number="16"/>
						<line branch="false" hits="13" number="17"/>
						<line branch="false" hits="13" number="18"/>
						<line branch="false" hits="13" number="19"/>
						<line branch="false" hits="13" number="20"/>
						<line branch="false" hits="13" number="21"/>
						<line branch="false" hits="13" number="22"/>
						<line branch="false" hits="13" number="23"/>
						<line branch="false" hits="13" number="24"/>
						<line branch="false" hits="1" number="25"/>
						<line branch="true" hits="12" number="26" condition-coverage="100% (1/1)"/>
						<line branch="true" hits="12" number="27" condition-coverage="100% (1/1)"/>
						<line branch="false" hits="12" number="28"/>
						<line branch="false" hits="12" number="29"/>
						<line branch="false" hits="12" number="30"/>
						<line branch="false" hits="12" number="31"/>
						<line branch="false" hits="12" number="32"/>
						<line branch="false" hits="12" number="33"/>
						<line branch="false" hits="12" number="34"/>
						<line branch="false" hits="12" number="35"/>
						<line branch="false" hits="12" number="36"/>
						<line branch="false" hits="12" number="37"/>
						<line branch="false" hits="12" number="38"/>
						<line branch="true" hits="12" number="39" condition-coverage="100% (2/2)"/>
						<line branch="false" hits="3" number="40"/>
						<line branch="true" hits="3" number="41" condition-coverage="100% (2/2)"/>
						<line branch="false" hits="12" number="42"/>
						<line branch="false" hits="12" number="43"/>
						<line branch="true" hits="12" number="44" condition-coverage="0% (0/1)"/>
						<line branch="false" hits="12" number="45"/>
						<line branch="false" hits="12" number="46"/>
						<line branch="true" hits="12" number="47" condition-coverage="100% (1/1)"/>
						<line branch="true" hits="12" number="48" condition-coverage="100% (1/1)"/>
						<line branch="false" hits="12" number="49"/>
						<line branch="false" hits="12" number="50"/>
						<line branch="false" hits="12" number="51"/>
						<line branch="false" hits="12" number="52"/>
						<line branch="false" hits="12" number="53"/>
						<line branch="true" hits="12" number="54" condition-coverage="100% (1/1)"/>
						<line branch="false" hits="12" number="55"/>
						<line branch="false" hits="12" number="56"/>
						<line branch="true" hits="12" number="57" condition-coverage="100% (1/1)"/>
						<line branch="true" hits="12" number="58" condition-coverage="100% (1/1)"/>
						<line branch="true" hits="12" number="59" condition-coverage="100% (1/1)"/>
						<line branch="true" hits="12" number="60" condition-coverage="100% (1/1)"/>
						<line branch="true" hits="12" number="61" condition-coverage="100% (1/1)"/>
						<line branch="true" hits="12" number="62" condition-coverage="100% (1/1)"/>
						<line branch="true" hits="12" number="63" condition-coverage="100% (1/1)"/>
						<line branch="true" hits="12" number="64" condition-coverage="100% (1/1)"/>
						<line branch="false" hits="3" number="65"/>
						<line branch="true" hits="3" number="66" condition-coverage="0% (0/1)"/>
						<line branch="false" hits="12" number="67"/>
						<line branch="true" hits="12" number="68" condition-coverage="100% (1/1)"/>
						<line branch="false" hits="2" number="69"/>
						<line branch="true" hits="2" number="70" condition-coverage="0% (0/1)"/>
						<line branch="false" hits="12" number="71"/>
						<line branch="true" hits="12" number="72" condition-coverage="100% (1/1)"/>
						<line branch="false" hits="12" number="73"/>
						<line branch="false" hits="12" number="74"/>
						<line branch="false" hits="12" number="75"/>
						<line branch="false" hits="12" number="76"/>
						<line branch="false" hits="12" number="77"/>
						<line branch="false" hits="12" number="78"/>
						<line branch="false" hits="12" number="79"/>
						<line branch="false" hits="12" number="80"/>
						<line branch="true" hits="12" number="81" condition-coverage="100% (1/1)"/>
						<line branch="true" hits="12" number="82" condition-coverage="100% (1/1)"/>
						<line branch="true" hits="12" number="83" condition-coverage="100% (1/1)"/>
						<line branch="true" hits="12" number="84" condition-coverage="100% (1/1)"/>
						<line branch="true" hits="12" number="85" condition-coverage="100% (1/1)"/>
						<line branch="true" hits="94" number="86" condition-coverage="100% (1/1)"/>
						<line branch="false" hits="94" number="87"/>
						<line branch="false" hits="12" number="88"/>
						<line branch="false" hits="12" number="89"/>
						<line branch="false" hits="12" number="90"/>
						<line branch="false" hits="1" number="91"/>
						<line branch="true" hits="1" number="92" condition-coverage="100% (1/1)"/>
						<line branch="false" hits="1" number="93"/>
						<line branch="false" hits="1" number="94"/>
						<line branch="false" hits="1" number="95"/>
						<line branch="false" hits="1" number="96"/>
						<line branch="false" hits="1" number="97"/>
						<line branch="false" hits="1" number="98"/>
						<line branch="false" hits="1" number="99"/>
						<line branch="false" hits="1" number="100"/>
						<line branch="false" hits="1" number="101"/>
						<line branch="false" hits="1" number="102"/>
						<line branch="false" hits="1" number="103"/>
						<line branch="false" hits="1" number="104"/>
						<line branch="false" hits="1" number="105"/>
						<line branch="false" hits="1" number="106"/>
						<line branch="false" hits="1" number="107"/>
						<line branch="false" hits="1" number="108"/>
						<line branch="false" hits="1" number="109"/>
						<line branch="false" hits="1" number="110"/>
						<line branch="false" hits="1" number="111"/>
						<line branch="false" hits="1" number="112"/>
						<line branch="false" hits="1" number="113"/>
						<line branch="false" hits="1" number="114"/>
						<line branch="false" hits="1" number="115"/>
						<line branch="false" hits="1" number="116"/>
						<line branch="false" hits="1" number="117"/>
						<line branch="false" hits="1" number="118"/>
						<line branch="false" hits="1" number="119"/>
						<line branch="false" hits="1" number="120"/>
						<line branch="true" hits="1" number="121" condition-coverage="100% (1/1)"/>
						<line branch="false" hits="1" number="122"/>
						<line branch="false" hits="1" number="123"/>
						<line branch="false" hits="1" number="124"/>
						<line branch="true" hits="1" number="125" condition-coverage="100% (1/1)"/>
						<line branch="false" hits="6" number="126"/>
						<line branch="false" hits="6" number="127"/>
						<line branch="false" hits="6" number="128"/>
						<line branch="false" hits="6" number="129"/>
						<line branch="false" hits="6" number="130"/>
						<line branch="false" hits="1" number="131"/>
						<line branch="false" hits="1" number="132"/>
						<line branch="false" hits="1" number="133"/>
						<line branch="false" hits="1" number="134"/>
						<line branch="false" hits="1" number="135"/>
						<line branch="true" hits="1" number="136" condition-coverage="100% (1/1)"/>
						<line branch="false" hits="1" number="137"/>
						<line branch="false" hits="1" number="138"/>
						<line branch="false" hits="1" number="139"/>
						<line branch="false" hits="1" number="140"/>
						<line branch="false" hits="1" number="141"/>
						<line branch="false" hits="1" number="142"/>
						<line branch="false" hits="1" number="143"/>
						<line branch="false" hits="1" number="144"/>
						<line branch="false" hits="1" number="145"/>
						<line branch="false" hits="1" number="146"/>
						<line branch="false" hits="1" number="147"/>
						<line branch="false" hits="1" number="148"/>
						<line branch="true" hits="1" number="149" condition-coverage="100% (1/1)"/>
						<line branch="false" hits="1" number="150"/>
						<line branch="false" hits="1" number="151"/>
						<line branch="false" hits="1" number="152"/>
						<line branch="false" hits="1" number="153"/>
						<line branch="false" hits="1" number="154"/>
						<line branch="false" hits="1" number="155"/>
						<line branch="false" hits="1" number="156"/>
						<line branch="false" hits="1" number="157"/>
						<line branch="false" hits="1" number="158"/>
						<line branch="true" hits="1" number="159" condition-coverage="100% (1/1)"/>
						<line branch="false" hits="1" number="160"/>
						<line branch="false" hits="1" number="161"/>
						<line branch="false" hits="1" number="162"/>
						<line branch="false" hits="1" number="163"/>
						<line branch="false" hits="1" number="164"/>
						<line branch="false" hits="1" number="165"/>
						<line branch="false" hits="1" number="166"/>
						<line branch="false" hits="1" number="167"/>
						<line branch="false" hits="1" number="168"/>
						<line branch="false" hits="1" number="169"/>
						<line branch="false" hits="1" number="170"/>
						<line branch="false" hits="1" number="171"/>
						<line branch="false" hits="1" number="172"/>
						<line branch="false" hits="1" number="173"/>
						<line branch="false" hits="1" number="174"/>
						<line branch="false" hits="1" number="175"/>
						<line branch="true" hits="1" number="176" condition-coverage="100% (1/1)"/>
						<line branch="false" hits="1" number="177"/>
						<line branch="false" hits="1" number="178"/>
						<line branch="false" hits="1" number="179"/>
						<line branch="false" hits="1" number="180"/>
						<line branch="false" hits="1" number="181"/>
						<line branch="false" hits="1" number="182"/>
						<line branch="false" hits="1" number="183"/>
						<line branch="false" hits="1" number="184"/>
						<line branch="false" hits="1" number="185"/>
						<line branch="false" hits="1" number="186"/>
						<line branch="false" hits="1" number="187"/>
						<line branch="false" hits="1" number="188"/>
						<line branch="false" hits="1" number="189"/>
						<line branch="false" hits="1" number="190"/>
						<line branch="false" hits="1" number="191"/>
						<line branch="false" hits="1" number="192"/>
						<line branch="false" hits="1" number="193"/>
						<line branch="false" hits="1" number="194"/>
						<line branch="false" hits="1" number="195"/>
						<line branch="true" hits="1" number="196" condition-coverage="100% (1/1)"/>
						<line branch="false" hits="1" number="197"/>
						<line branch="false" hits="1" number="198"/>
						<line branch="false" hits="1" number="199"/>
						<line branch="false" hits="1" number="200"/>
						<line branch="false" hits="1" number="201"/>
						<line branch="false" hits="1" number="202"/>
						<line branch="false" hits="1" number="203"/>
						<line branch="false" hits="1" number="204"/>
						<line branch="false" hits="1" number="205"/>
						<line branch="false" hits="1" number="206"/>
						<line branch="false" hits="1" number="207"/>
						<line branch="false" hits="1" number="208"/>
						<line branch="false" hits="1" number="209"/>
						<line branch="false" hits="1" number="210"/>
						<line branch="false" hits="1" number="211"/>
						<line branch="false" hits="1" number="212"/>
						<line branch="false" hits="1" number="213"/>
						<line branch="false" hits="1" number="214"/>
						<line branch="false" hits="1" number="215"/>
						<line branch="true" hits="1" number="216" condition-coverage="100% (1/1)"/>
						<line branch="false" hits="1" number="217"/>
						<line branch="false" hits="1" number="218"/>
						<line branch="false" hits="1" number="219"/>
						<line branch="false" hits="1" number="220"/>
						<line branch="false" hits="1" number="221"/>
						<line branch="false" hits="1" number="222"/>
						<line branch="true" hits="1" number="223" condition-coverage="100% (1/1)"/>
						<line branch="false" hits="60" number="224"/>
						<line branch="false" hits="60" number="225"/>
						<line branch="false" hits="60" number="226"/>
						<line branch="false" hits="1" number="227"/>
						<line branch="false" hits="1" number="228"/>
						<line branch="false" hits="1" number="229"/>
						<line branch="false" hits="1" number="230"/>
						<line branch="false" hits="1" number="231"/>
						<line branch="false" hits="1" number="232"/>
						<line branch="false" hits="1" number="233"/>
						<line branch="false" hits="1" number="234"/>
						<line branch="true" hits="1" number="235" condition-coverage="100% (1/1)"/>
						<line branch="false" hits="1" number="236"/>
						<line branch="false" hits="1" number="237"/>
						<line branch="false" hits="1" number="238"/>
						<line branch="false" hits="1" number="239"/>
						<line branch="false" hits="1" number="240"/>
						<line branch="false" hits="1" number="241"/>
						<line branch="false" hits="1" number="242"/>
						<line branch="false" hits="1" number="243"/>
						<line branch="false" hits="1" number="244"/>
						<line branch="false" hits="1" number="245"/>
						<line branch="false" hits="1" number="246"/>
						<line branch="false" hits="1" number="247"/>
						<line branch="false" hits="1" number="248"/>
						<line branch="false" hits="1" number="249"/>
						<line branch="false" hits="1" number="250"/>
						<line branch="false" hits="1" number="251"/>
						<line branch="false" hits="1" number="252"/>
						<line branch="false" hits="1" number="253"/>
						<line branch="false" hits="1" number="254"/>
						<line branch="true" hits="1" number="255" condition-coverage="100% (1/1)"/>
						<line branch="false" hits="1" number="256"/>
						<line branch="false" hits="1" number="257"/>
						<line branch="false" hits="1" number="258"/>
						<line branch="false" hits="1" number="259"/>
						<line branch="false" hits="1" number="260"/>
						<line branch="false" hits="1" number="261"/>
						<line branch="false" hits="1" number="262"/>
						<line branch="false" hits="1" number="263"/>
						<line branch="false" hits="1" number="264"/>
						<line branch="false" hits="1" number="265"/>
						<line branch="false" hits="1" number="266"/>
						<line branch="false" hits="1" number="267"/>
						<line branch="false" hits="1" number="268"/>
						<line branch="false" hits="1" number="269"/>
						<line branch="false" hits="1" number="270"/>
						<line branch="false" hits="1" number="271"/>
						<line branch="false" hits="1" number="272"/>
						<line branch="true" hits="1" number="273" condition-coverage="100% (1/1)"/>
						<line branch="false" hits="1" number="274"/>
						<line branch="false" hits="1" number="275"/>
						<line branch="false" hits="1" number="276"/>
						<line branch="false" hits="1" number="277"/>
						<line branch="false" hits="1" number="278"/>
						<line branch="false" hits="1" number="279"/>
						<line branch="false" hits="1" number="280"/>
						<line branch="false" hits="1" number="281"/>
						<line branch="false" hits="1" number="282"/>
						<line branch="false" hits="1" number="283"/>
						<line branch="false" hits="1" number="284"/>
						<line branch="false" hits="1" number="285"/>
						<line branch="false" hits="1" number="286"/>
						<line branch="false" hits="1" number="287"/>
						<line branch="true" hits="1" number="288" condition-coverage="100% (1/1)"/>
						<line branch="false" hits="1" number="289"/>
						<line branch="false" hits="1" number="290"/>
						<line branch="false" hits="1" number="291"/>
						<line branch="false" hits="1" number="292"/>
						<line branch="true" hits="1" number="293" condition-coverage="100% (1/1)"/>
						<line branch="false" hits="1" number="294"/>
						<line branch="false" hits="1" number="295"/>
						<line branch="false" hits="1" number="296"/>
						<line branch="false" hits="1" number="297"/>
						<line branch="true" hits="1" number="298" condition-coverage="100% (1/1)"/>
						<line branch="false" hits="1" number="299"/>
						<line branch="false" hits="1" number="300"/>
						<line branch="false" hits="1" number="301"/>
						<line branch="false" hits="1" number="302"/>
						<line branch="false" hits="1" number="303"/>
						<line branch="false" hits="1" number="304"/>
						<line branch="false" hits="1" number="305"/>
						<line branch="false" hits="1" number="306"/>
						<line branch="false" hits="1" number="307"/>
						<line branch="false" hits="1" number="308"/>
						<line branch="false" hits="1" number="309"/>
						<line branch="false" hits="1" number="310"/>
						<line branch="true" hits="1" number="311" condition-coverage="100% (1/1)"/>
						<line branch="false" hits="1" number="312"/>
						<line branch="false" hits="1" number="313"/>
						<line branch="false" hits="1" number="314"/>
						<line branch="false" hits="1" number="315"/>
						<line branch="false" hits="1" number="316"/>
						<line branch="false" hits="1" number="317"/>
						<line branch="false" hits="1" number="318"/>
						<line branch="false" hits="1" number="319"/>
						<line branch="false" hits="1" number="320"/>
						<line branch="false" hits="1" number="321"/>
						<line branch="true" hits="1" number="322" condition-coverage="100% (1/1)"/>
						<line branch="false" hits="1" number="323"/>
						<line branch="false" hits="1" number="324"/>
						<line branch="true" hits="1" number="325" condition-coverage="100% (1/1)"/>
						<line branch="false" hits="1" number="326"/>
						<line branch="false" hits="1" number="327"/>
						<line branch="false" hits="1" number="328"/>
						<line branch="false" hits="1" number="329"/>
						<line branch="false" hits="1" number="330"/>
						<line branch="false" hits="1" number="331"/>
						<line branch="false" hits="1" number="332"/>
						<line branch="false" hits="1" number="333"/>
						<line branch="false" hits="1" number="334"/>
						<line branch="false" hits="1" number="335"/>
						<line branch="false" hits="1" number="336"/>
						<line branch="false" hits="1" number="337"/>
						<line branch="false" hits="1" number="338"/>
						<line branch="false" hits="1" number="339"/>
						<line branch="false" hits="1" number="340"/>
						<line branch="true" hits="1" number="341" condition-coverage="100% (1/1)"/>
						<line branch="false" hits="1" number="342"/>
						<line branch="false" hits="1" number="343"/>
						<line branch="true" hits="1" number="344" condition-coverage="100% (1/1)"/>
						<line branch="false" hits="1" number="345"/>
						<line branch="false" hits="1" number="346"/>
						<line branch="false" hits="1" number="347"/>
						<line branch="false" hits="1" number="348"/>
						<line branch="false" hits="1" number="349"/>
						<line branch="false" hits="1" number="350"/>
						<line branch="false" hits="1" number="351"/>
						<line branch="false" hits="1" number="352"/>
						<line branch="false" hits="1" number="353"/>
						<line branch="false" hits="1" number="354"/>
						<line branch="false" hits="1" number="355"/>
						<line branch="false" hits="1" number="356"/>
						<line branch="true" hits="1" number="357" condition-coverage="100% (1/1)"/>
						<line branch="false" hits="1" number="358"/>
						<line branch="false" hits="1" number="359"/>
						<line branch="false" hits="1" number="360"/>
						<line branch="false" hits="1" number="361"/>
						<line branch="false" hits="1" number="362"/>
						<line branch="false" hits="1" number="363"/>
						<line branch="false" hits="1" number="364"/>
						<line branch="false" hits="1" number="365"/>
						<line branch="false" hits="1" number="366"/>
						<line branch="false" hits="1" number="367"/>
						<line branch="false" hits="1" number="368"/>
						<line branch="false" hits="1" number="369"/>
					</lines>
				</class>
				<class branch-rate="0.9312977099236641" complexity="0" filename="tests/test_bcviz_api.js" line-rate="0.9872408293460925" name="tests.test_bcviz_api.js">
					<methods>
						<method name="compileEquation" signature="" line-rate="1.0" branch-rate="1.0">
							<lines>
								<line hits="87" number="18" branch="false"/>
							</lines>
						</method>
						<method name="compilePresetEquations" signature="" line-rate="1.0" branch-rate="1.0">
							<lines>
								<line hits="25" number="23" branch="false"/>
							</lines>
						</method>
						<method name="anonymous_2" signature="" line-rate="1.0" branch-rate="1.0">
							<lines>
								<line hits="75" number="24" branch="false"/>
							</lines>
						</method>
						<method name="anonymous_3" signature="" line-rate="1.0" branch-rate="1.0">
							<lines>
								<line hits="50" number="27" branch="false"/>
							</lines>
						</method>
						<method name="anonymous_4" signature="" line-rate="1.0" branch-rate="1.0">
							<lines>
								<line hits="4" number="28" branch="false"/>
							</lines>
						</method>
						<method name="anonymous_5" signature="" line-rate="1.0" branch-rate="1.0">
							<lines>
								<line hits="12" number="29" branch="false"/>
							</lines>
						</method>
						<method name="createFakeMediaDevices" signature="" line-rate="1.0" branch-rate="1.0">
							<lines>
								<line hits="20" number="41" branch="false"/>
							</lines>
						</method>
						<method name="notReadable" signature="" line-rate="0.0" branch-rate="0.0">
							<lines>
								<line hits="0" number="46" branch="false"/>
							</lines>
						</method>
						<method name="makeTrack" signature="" line-rate="1.0" branch-rate="1.0">
							<lines>
								<line hits="3" number="576" branch="false"/>
							</lines>
						</method>
						<method name="getSettings" signature="" line-rate="1.0" branch-rate="1.0">
							<lines>
								<line hits="1" number="579" branch="false"/>
							</lines>
						</method>
						<method name="stop" signature="" line-rate="1.0" branch-rate="1.0">
							<lines>
								<line hits="1" number="580" branch="false"/>
							</lines>
						</method>
						<method name="openCountFor" signature="" line-rate="0.0" branch-rate="0.0">
							<lines>
								<line hits="0" number="65" branch="false"/>
							</lines>
						</method>
						<method name="enumerateDevices" signature="" line-rate="1.0" branch-rate="1.0">
							<lines>
								<line hits="1" number="585" branch="false"/>
							</lines>
						</method>
						<method name="getUserMedia" signature="" line-rate="1.0" branch-rate="1.0">
							<lines>
								<line hits="2" number="586" branch="false"/>
							</lines>
						</method>
						<method name="anonymous_14" signature="" line-rate="1.0" branch-rate="1.0">
							<lines>
								<line hits="4" number="71" branch="false"/>
							</lines>
						</method>
						<method name="getTracks" signature="" line-rate="1.0" branch-rate="1.0">
							<lines>
								<line hits="1" number="594" branch="false"/>
							</lines>
						</method>
						<method name="getAudioTracks" signature="" line-rate="1.0" branch-rate="1.0">
							<lines>
								<line hits="2" number="595" branch="false"/>
							</lines>
						</method>
						<method name="createHarness" signature="" line-rate="1.0" branch-rate="1.0">
							<lines>
								<line hits="22" number="85" branch="false"/>
							</lines>
						</method>
						<method name="schedule" signature="" line-rate="1.0" branch-rate="1.0">
							<lines>
								<line hits="9" number="87" branch="false"/>
							</lines>
						</method>
						<method name="canvas.addEventListener" signature="" line-rate="1.0" branch-rate="1.0">
							<lines>
								<line hits="44" number="92" branch="false"/>
							</lines>
						</method>
						<method name="getError" signature="" line-rate="0.0" branch-rate="0.0">
							<lines>
								<line hits="0" number="97" branch="false"/>
							</lines>
						</method>
						<method name="linkProgram" signature="" line-rate="1.0" branch-rate="1.0">
							<lines>
								<line hits="25" number="98" branch="false"/>
							</lines>
						</method>
						<method name="getProgramParameter" signature="" line-rate="1.0" branch-rate="1.0">
							<lines>
								<line hits="25" number="99" branch="false"/>
							</lines>
						</method>
						<method name="getProgramInfoLog" signature="" line-rate="1.0" branch-rate="1.0">
							<lines>
								<line hits="1" number="100" branch="false"/>
							</lines>
						</method>
						<method name="canvas.getContext" signature="" line-rate="1.0" branch-rate="1.0">
							<lines>
								<line hits="20" number="102" branch="false"/>
							</lines>
						</method>
						<method name="trackedSetInterval" signature="" line-rate="1.0" branch-rate="1.0">
							<lines>
								<line hits="2" number="109" branch="false"/>
							</lines>
						</method>
						<method name="getPresets" signature="" line-rate="1.0" branch-rate="1.0">
							<lines>
								<line hits="20" number="117" branch="false"/>
							</lines>
						</method>
						<method name="addEventListener" signature="" line-rate="1.0" branch-rate="1.0">
							<lines>
								<line hits="44" number="173" branch="false"/>
							</lines>
						</method>
						<method name="requestAnimationFrame" signature="" line-rate="1.0" branch-rate="1.0">
							<lines>
								<line hits="24" number="122" branch="false"/>
							</lines>
						</method>
						<method name="cancelAnimationFrame" signature="" line-rate="1.0" branch-rate="1.0">
							<lines>
								<line hits="2" number="128" branch="false"/>
							</lines>
						</method>
						<method name="requestIdleCallback" signature="" line-rate="1.0" branch-rate="1.0">
							<lines>
								<line hits="20" number="129" branch="false"/>
							</lines>
						</method>
						<method name="setInterval" signature="" line-rate="1.0" branch-rate="1.0">
							<lines>
								<line hits="20" number="134" branch="false"/>
							</lines>
						</method>
						<method name="window.AudioContext" signature="" line-rate="1.0" branch-rate="1.0">
							<lines>
								<line hits="22" number="141" branch="false"/>
							</lines>
						</method>
						<method name="resume" signature="" line-rate="1.0" branch-rate="1.0">
							<lines>
								<line hits="20" number="142" branch="false"/>
							</lines>
						</method>
						<method name="close" signature="" line-rate="0.0" branch-rate="0.0">
							<lines>
								<line hits="0" number="143" branch="false"/>
							</lines>
						</method>
						<method name="createMediaStreamSource" signature="" line-rate="1.0" branch-rate="1.0">
							<lines>
								<line hits="22" number="144" branch="false"/>
							</lines>
						</method>
						<method name="createOscillator" signature="" line-rate="1.0" branch-rate="1.0">
							<lines>
								<line hits="2" number="147" branch="false"/>
							</lines>
						</method>
						<method name="connect" signature="" line-rate="1.0" branch-rate="1.0">
							<lines>
								<line hits="2" number="150" branch="false"/>
							</lines>
						</method>
						<method name="start" signature="" line-rate="1.0" branch-rate="1.0">
							<lines>
								<line hits="2" number="148" branch="false"/>
							</lines>
						</method>
						<method name="createGain" signature="" line-rate="1.0" branch-rate="1.0">
							<lines>
								<line hits="2" number="150" branch="false"/>
							</lines>
						</method>
						<method name="createVisualizer" signature="" line-rate="1.0" branch-rate="1.0">
							<lines>
								<line hits="20" number="154" branch="false"/>
							</lines>
						</method>
						<method name="loadPreset" signature="" line-rate="1.0" branch-rate="1.0">
							<lines>
								<line hits="25" number="158" branch="false"/>
							</lines>
						</method>
						<method name="render" signature="" line-rate="1.0" branch-rate="1.0">
							<lines>
								<line hits="8" number="163" branch="false"/>
							</lines>
						</method>
						<method name="connectAudio" signature="" line-rate="1.0" branch-rate="1.0">
							<lines>
								<line hits="22" number="164" branch="false"/>
							</lines>
						</method>
						<method name="disconnectAudio" signature="" line-rate="1.0" branch-rate="1.0">
							<lines>
								<line hits="3" number="165" branch="false"/>
							</lines>
						</method>
						<method name="createElement" signature="" line-rate="1.0" branch-rate="1.0">
							<lines>
								<line hits="20" number="176" branch="false"/>
							</lines>
						</method>
						<method name="appendChild" signature="" line-rate="1.0" branch-rate="1.0">
							<lines>
								<line hits="20" number="178" branch="false"/>
							</lines>
						</method>
						<method name="anonymous_49" signature="" line-rate="1.0" branch-rate="1.0">
							<lines>
								<line hits="66" number="184" branch="false"/>
							</lines>
						</method>
						<method name="chunkLoads" signature="" line-rate="1.0" branch-rate="1.0">
							<lines>
								<line hits="1" number="204" branch="false"/>
							</lines>
						</method>
						<method name="imagePartLoads" signature="" line-rate="1.0" branch-rate="1.0">
							<lines>
								<line hits="1" number="205" branch="false"/>
							</lines>
						</method>
						<method name="intervalCalls" signature="" line-rate="1.0" branch-rate="1.0">
							<lines>
								<line hits="4" number="206" branch="false"/>
							</lines>
						</method>
						<method name="renderCount" signature="" line-rate="1.0" branch-rate="1.0">
							<lines>
								<line hits="5" number="207" branch="false"/>
							</lines>
						</method>
						<method name="runFrame" signature="" line-rate="1.0" branch-rate="1.0">
							<lines>
								<line hits="2" number="208" branch="false"/>
							</lines>
						</method>
						<method name="setHidden" signature="" line-rate="1.0" branch-rate="1.0">
							<lines>
								<line hits="4" number="216" branch="false"/>
							</lines>
						</method>
						<method name="anonymous_56" signature="" line-rate="1.0" branch-rate="1.0">
							<lines>
								<line hits="8" number="219" branch="false"/>
							</lines>
						</method>
						<method name="sleep" signature="" line-rate="1.0" branch-rate="1.0">
							<lines>
								<line hits="10" number="224" branch="false"/>
							</lines>
						</method>
						<method name="anonymous_58" signature="" line-rate="1.0" branch-rate="1.0">
							<lines>
								<line hits="10" number="225" branch="false"/>
							</lines>
						</method>
						<method name="anonymous_59" signature="" line-rate="1.0" branch-rate="1.0">
							<lines>
								<line hits="1" number="228" branch="false"/>
							</lines>
						</method>
						<method name="anonymous_60" signature="" line-rate="1.0" branch-rate="1.0">
							<lines>
								<line hits="1" number="239" branch="false"/>
							</lines>
						</method>
						<method name="anonymous_61" signature="" line-rate="1.0" branch-rate="1.0">
							<lines>
								<line hits="1" number="249" branch="false"/>
							</lines>
						</method>
						<method name="anonymous_62" signature="" line-rate="1.0" branch-rate="1.0">
							<lines>
								<line hits="1" number="260" branch="false"/>
							</lines>
						</method>
						<method name="anonymous_63" signature="" line-rate="1.0" branch-rate="1.0">
							<lines>
								<line hits="1" number="271" branch="false"/>
							</lines>
						</method>
						<method name="anonymous_64" signature="" line-rate="1.0" branch-rate="1.0">
							<lines>
								<line hits="1" number="287" branch="false"/>
							</lines>
						</method>
						<method name="anonymous_65" signature="" line-rate="1.0" branch-rate="1.0">
							<lines>
								<line hits="1" number="300" branch="false"/>
							</lines>
						</method>
						<method name="anonymous_66" signature="" line-rate="1.0" branch-rate="1.0">
							<lines>
								<line hits="1" number="312" branch="false"/>
							</lines>
						</method>
						<method name="anonymous_67" signature="" line-rate="1.0" branch-rate="1.0">
							<lines>
								<line hits="1" number="337" branch="false"/>
							</lines>
						</method>
						<method name="anonymous_68" signature="" line-rate="1.0" branch-rate="1.0">
							<lines>
								<line hits="1" number="353" branch="false"/>
							</lines>
						</method>
						<method name="anonymous_69" signature="" line-rate="1.0" branch-rate="1.0">
							<lines>
								<line hits="1" number="366" branch="false"/>
							</lines>
						</method>
						<method name="anonymous_70" signature="" line-rate="1.0" branch-rate="1.0">
							<lines>
								<line hits="1" number="377" branch="false"/>
							</lines>
						</method>
						<method name="anonymous_71" signature="" line-rate="1.0" branch-rate="1.0">
							<lines>
								<line hits="1" number="388" branch="false"/>
							</lines>
						</method>
						<method name="anonymous_72" signature="" line-rate="1.0" branch-rate="1.0">
							<lines>
								<line hits="1" number="406" branch="false"/>
							</lines>
						</method>
						<method name="anonymous_73" signature="" line-rate="1.0" branch-rate="1.0">
							<lines>
								<line hits="1" number="431" branch="false"/>
							</lines>
						</method>
						<method name="anonymous_74" signature="" line-rate="1.0" branch-rate="1.0">
							<lines>
								<line hits="1" number="446" branch="false"/>
							</lines>
						</method>
						<method name="anonymous_75" signature="" line-rate="1.0" branch-rate="1.0">
							<lines>
								<line hits="1" number="459" branch="false"/>
							</lines>
						</method>
						<method name="anonymous_76" signature="" line-rate="1.0" branch-rate="1.0">
							<lines>
								<line hits="1" number="481" branch="false"/>
							</lines>
						</method>
						<method name="anonymous_77" signature="" line-rate="1.0" branch-rate="1.0">
							<lines>
								<line hits="1" number="496" branch="false"/>
							</lines>
						</method>
						<method name="anonymous_78" signature="" line-rate="1.0" branch-rate="1.0">
							<lines>
								<line hits="1" number="518" branch="false"/>
							</lines>
						</method>
						<method name="anonymous_86" signature="" line-rate="1.0" branch-rate="1.0">
							<lines>
								<line hits="1" number="572" branch="false"/>
							</lines>
						</method>
						<method name="anonymous_94" signature="" line-rate="1.0" branch-rate="1.0">
							<lines>
								<line hits="1" number="604" branch="false"/>
							</lines>
						</method>
						<method name="anonymous_95" signature="" line-rate="1.0" branch-rate="1.0">
							<lines>
								<line hits="1" number="613" branch="false"/>
							</lines>
						</method>
					</methods>
					<lines>
						<line branch="true" hits="1" number="1" condition-coverage="100% (1/1)"/>
						<line branch="false" hits="1" number="2"/>
						<line branch="false" hits="1" number="3"/>
						<line branch="false" hits="1" number="4"/>
						<line branch="false" hits="1" number="5"/>
						<line branch="false" hits="1" number="6"/>
						<line branch="false" hits="1" number="7"/>
						<line branch="false" hits="1" number="8"/>
						<line branch="false" hits="1" number="9"/>
						<line branch="false" hits="1" number="10"/>
						<line branch="false" hits="1" number="11"/>
						<line branch="false" hits="1" number="12"/>
						<line branch="false" hits="1" number="13"/>
						<line branch="false" hits="1" number="14"/>
						<line branch="false" hits="1" number="15"/>
						<line branch="false" hits="1" number="16"/>
						<line branch="false" hits="1" number="17"/>
						<line branch="true" hits="87" number="18" condition-coverage="100% (1/1)"/>
						<line branch="true" hits="87" number="19" condition-coverage="100% (2/2)"/>
						<line branch="false" hits="18" number="20"/>
						<line branch="false" hits="87" number="21"/>
						<line branch="false" hits="1" number="22"/>
						<line branch="true" hits="25" number="23" condition-coverage="100% (1/1)"/>
						<line branch="true" hits="25" number="24" condition-coverage="100% (1/1)"/>
						<line branch="false" hits="75" number="25"/>
						<line branch="false" hits="25" number="26"/>
						<line branch="true" hits="25" number="27" condition-coverage="100% (1/1)"/>
						<line branch="true" hits="50" number="28" condition-coverage="100% (2/2)"/>
						<line branch="true" hits="4" number="29" condition-coverage="100% (1/1)"/>
						<line branch="false" hits="12" number="30"/>
						<line branch="false" hits="4" number="31"/>
						<line branch="false" hits="50" number="32"/>
						<line branch="false" hits="25" number="33"/>
						<line branch="false" hits="25" number="34"/>
						<line branch="false" hits="1" number="35"/>
						<line branch="false" hits="1" number="36"/>
						<line branch="false" hits="1" number="37"/>
						<line branch="false" hits="1" number="38"/>
						<line branch="false" hits="1" number="39"/>
						<line branch="false" hits="1" number="40"/>
						<line branch="true" hits="20" number="41" condition-coverage="100% (1/1)"/>
						<line branch="true" hits="20" number="42" condition-coverage="100% (1/1)"/>
						<line branch="true" hits="20" number="43" condition-coverage="100% (1/1)"/>
						<line branch="false" hits="20" number="44"/>
						<line branch="false" hits="20" number="45"/>
						<line branch="false" hits="20" number="46"/>
						<line branch="false" hits="0" number="47"/>
						<line branch="false" hits="0" number="48"/>
						<line branch="false" hits="0" number="49"/>
						<line branch="false" hits="0" number="50"/>
						<line branch="true" hits="20" number="51" condition-coverage="100% (1/1)"/>
						<line branch="false" hits="19" number="52"/>
						<line branch="false" hits="19" number="53"/>
						<line branch="true" hits="19" number="54" condition-coverage="100% (1/1)"/>
						<line branch="true" hits="19" number="55" condition-coverage="100% (1/1)"/>
						<line branch="true" hits="1" number="56" condition-coverage="0% (0/1)"/>
						<line branch="false" hits="1" number="57"/>
						<line branch="true" hits="1" number="58" condition-coverage="0% (0/1)"/>
						<line branch="false" hits="19" number="59"/>
						<line branch="false" hits="19" number="60"/>
						<line branch="false" hits="19" number="61"/>
						<line branch="false" hits="19" number="62"/>
						<line branch="false" hits="20" number="63"/>
						<line branch="false" hits="20" number="64"/>
						<line branch="false" hits="20" number="65"/>
						<line branch="true" hits="20" number="66" condition-coverage="100% (1/1)"/>
						<line branch="true" hits="20" number="67" condition-coverage="100% (1/1)"/>
						<line branch="false" hits="19" number="68"/>
						<line branch="true" hits="19" number="69" condition-coverage="100% (3/3)"/>
						<line branch="false" hits="19" number="70"/>
						<line branch="true" hits="19" number="71" condition-coverage="100% (3/3)"/>
						<line branch="true" hits="19" number="72" condition-coverage="0% (0/1)"/>
						<line branch="false" hits="0" number="73"/>
						<line branch="false" hits="0" number="74"/>
						<line branch="false" hits="0" number="75"/>
						<line branch="false" hits="0" number="76"/>
						<line branch="true" hits="19" number="77" condition-coverage="0% (0/1)"/>
						<line branch="false" hits="19" number="78"/>
						<line branch="false" hits="19" number="79"/>
						<line branch="true" hits="19" number="80" condition-coverage="100% (2/2)"/>
						<line branch="false" hits="20" number="81"/>
						<line branch="false" hits="20" number="82"/>
						<line branch="false" hits="20" number="83"/>
						<line branch="false" hits="1" number="84"/>
						<line branch="true" hits="22" number="85" condition-coverage="100% (1/1)"/>
						<line branch="false" hits="22" number="86"/>
						<line branch="true" hits="22" number="87" condition-coverage="100% (1/1)"/>
						<line branch="false" hits="9" number="88"/>
						<line branch="false" hits="9" number="89"/>
						<line branch="false" hits="9" number="90"/>
						<line branch="false" hits="22" number="91"/>
						<line branch="true" hits="22" number="92" condition-coverage="100% (1/1)"/>
						<line branch="true" hits="22" number="93" condition-coverage="100% (1/1)"/>
						<line branch="false" hits="22" number="94"/>
						<line branch="false" hits="22" number="95"/>
						<line branch="false" hits="22" number="96"/>
						<line branch="false" hits="22" number="97"/>
						<line branch="true" hits="22" number="98" condition-coverage="100% (1/1)"/>
						<line branch="true" hits="22" number="99" condition-coverage="100% (1/1)"/>
						<line branch="true" hits="22" number="100" condition-coverage="100% (1/1)"/>
						<line branch="false" hits="22" number="101"/>
						<line branch="true" hits="22" number="102" condition-coverage="100% (1/1)"/>
						<line branch="false" hits="22" number="103"/>
						<line branch="false" hits="22" number="104"/>
						<line branch="false" hits="22" number="105"/>
						<line branch="false" hits="22" number="106"/>
						<line branch="false" hits="22" number="107"/>
						<line branch="false" hits="22" number="108"/>
						<line branch="true" hits="22" number="109" condition-coverage="100% (1/1)"/>
						<line branch="false" hits="2" number="110"/>
						<line branch="false" hits="2" number="111"/>
						<line branch="false" hits="2" number="112"/>
						<line branch="false" hits="2" number="113"/>
						<line branch="false" hits="22" number="114"/>
						<line branch="false" hits="22" number="115"/>
						<line branch="false" hits="22" number="116"/>
						<line branch="true" hits="22" number="117" condition-coverage="100% (3/3)"/>
						<line branch="false" hits="22" number="118"/>
						<line branch="false" hits="22" number="119"/>
						<line branch="false" hits="22" number="120"/>
						<line branch="true" hits="22" number="121" condition-coverage="100% (1/1)"/>
						<line branch="true" hits="22" number="122" condition-coverage="100% (1/1)"/>
						<line branch="false" hits="24" number="123"/>
						<line branch="false" hits="24" number="124"/>
						<line branch="false" hits="24" number="125"/>
						<line branch="false" hits="22" number="126"/>
						<line branch="false" hits="22" number="127"/>
						<line branch="true" hits="22" number="128" condition-coverage="100% (1/1)"/>
						<line branch="true" hits="22" number="129" condition-coverage="100% (1/1)"/>
						<line branch="false" hits="22" number="130"/>
						<line branch="false" hits="22" number="131"/>
						<line branch="false" hits="22" number="132"/>
						<line branch="false" hits="22" number="133"/>
						<line branch="true" hits="22" number="134" condition-coverage="100% (1/1)"/>
						<line branch="false" hits="20" number="135"/>
						<line branch="false" hits="20" number="136"/>
						<line branch="false" hits="20" number="137"/>
						<line branch="false" hits="22" number="138"/>
						<line branch="false" hits="22" number="139"/>
						<line branch="false" hits="22" number="140"/>
						<line branch="true" hits="22" number="141" condition-coverage="100% (1/1)"/>
						<line branch="true" hits="22" number="142" condition-coverage="100% (1/1)"/>
						<line branch="false" hits="22" number="143"/>
						<line branch="true" hits="22" number="144" condition-coverage="100% (1/1)"/>
						<line branch="false" hits="22" number="145"/>
						<line branch="false" hits="22" number="146"/>
						<line branch="true" hits="22" number="147" condition-coverage="100% (1/1)"/>
						<line branch="true" hits="2" number="148" condition-coverage="100% (2/2)"/>
						<line branch="false" hits="22" number="149"/>
						<line branch="true" hits="22" number="150" condition-coverage="100% (2/2)"/>
						<line branch="false" hits="22" number="151"/>
						<line branch="false" hits="22" number="152"/>
						<line branch="false" hits="22" number="153"/>
						<line branch="true" hits="22" number="154" condition-coverage="100% (1/1)"/>
						<line branch="false" hits="20" number="155"/>
						<line branch="false" hits="20" number="156"/>
						<line branch="false" hits="20" number="157"/>
						<line branch="true" hits="20" number="158" condition-coverage="100% (1/1)"/>
						<line branch="false" hits="25" number="159"/>
						<line branch="false" hits="25" number="160"/>
						<line branch="false" hits="25" number="161"/>
						<line branch="false" hits="20" number="162"/>
						<line branch="true" hits="20" number="163" condition-coverage="100% (1/1)"/>
						<line branch="true" hits="20" number="164" condition-coverage="100% (1/1)"/>
						<line branch="true" hits="20" number="165" condition-coverage="100% (1/1)"/>
						<line branch="false" hits="20" number="166"/>
						<line branch="false" hits="22" number="167"/>
						<line branch="false" hits="22" number="168"/>
						<line branch="false" hits="22" number="169"/>
						<line branch="false" hits="22" number="170"/>
						<line branch="false" hits="22" number="171"/>
						<line branch="false" hits="22" number="172"/>
						<line branch="true" hits="22" number="173" condition-coverage="100% (1/1)"/>
						<line branch="false" hits="44" number="174"/>
						<line branch="false" hits="22" number="175"/>
						<line branch="true" hits="22" number="176" condition-coverage="100% (1/1)"/>
						<line branch="false" hits="22" number="177"/>
						<line branch="true" hits="22" number="178" condition-coverage="100% (1/1)"/>
						<line branch="true" hits="20" number="179" condition-coverage="0% (0/1)"/>
						<line branch="false" hits="20" number="180"/>
						<line branch="false" hits="22" number="181"/>
						<line branch="false" hits="22" number="182"/>
						<line branch="false" hits="22" number="183"/>
						<line branch="true" hits="22" number="184" condition-coverage="100% (1/1)"/>
						<line branch="false" hits="66" number="185"/>
						<line branch="false" hits="22" number="186"/>
						<line branch="true" hits="22" number="187" condition-coverage="100% (1/1)"/>
						<line branch="true" hits="22" number="188" condition-coverage="100% (2/2)"/>
						<line branch="false" hits="22" number="189"/>
						<line branch="false" hits="22" number="190"/>
						<line branch="false" hits="22" number="191"/>
						<line branch="false" hits="22" number="192"/>
						<line branch="false" hits="22" number="193"/>
						<line branch="false" hits="22" number="194"/>
						<line branch="false" hits="22" number="195"/>
						<line branch="false" hits="22" number="196"/>
						<line branch="false" hits="22" number="197"/>
						<line branch="false" hits="22" number="198"/>
						<line branch="false" hits="22" number="199"/>
						<line branch="false" hits="22" number="200"/>
						<line branch="false" hits="22" number="201"/>
						<line branch="false" hits="22" number="202"/>
						<line branch="false" hits="22" number="203"/>
						<line branch="true" hits="22" number="204" condition-coverage="100% (1/1)"/>
						<line branch="true" hits="22" number="205" condition-coverage="100% (1/1)"/>
						<line branch="true" hits="22" number="206" condition-coverage="100% (1/1)"/>
						<line branch="true" hits="22" number="207" condition-coverage="100% (1/1)"/>
						<line branch="true" hits="22" number="208" condition-coverage="100% (1/1)"/>
						<line branch="false" hits="2" number="209"/>
						<line branch="true" hits="2" number="210" condition-coverage="0% (0/1)"/>
						<line branch="false" hits="2" number="211"/>
						<line branch="false" hits="2" number="212"/>
						<line branch="false" hits="2" number="213"/>
						<line branch="false" hits="2" number="214"/>
						<line branch="false" hits="22" number="215"/>
						<line branch="true" hits="22" number="216" condition-coverage="100% (1/1)"/>
						<line branch="false" hits="4" number="217"/>
						<line branch="true" hits="4" number="218" condition-coverage="100% (2/2)"/>
						<line branch="true" hits="4" number="219" condition-coverage="100% (1/1)"/>
						<line branch="false" hits="22" number="220"/>
						<line branch="false" hits="22" number="221"/>
						<line branch="false" hits="22" number="222"/>
						<line branch="false" hits="1" number="223"/>
						<line branch="true" hits="10" number="224" condition-coverage="100% (1/1)"/>
						<line branch="true" hits="10" number="225" condition-coverage="100% (1/1)"/>
						<line branch="false" hits="10" number="226"/>
						<line branch="false" hits="1" number="227"/>
						<line branch="true" hits="1" number="228" condition-coverage="100% (1/1)"/>
						<line branch="false" hits="1" number="229"/>
						<line branch="false" hits="1" number="230"/>
						<line branch="false" hits="1" number="231"/>
						<line branch="false" hits="1" number="232"/>
						<line branch="false" hits="1" number="233"/>
						<line branch="false" hits="1" number="234"/>
						<line branch="false" hits="1" number="235"/>
						<line branch="false" hits="1" number="236"/>
						<line branch="false" hits="1" number="237"/>
						<line branch="false" hits="1" number="238"/>
						<line branch="true" hits="1" number="239" condition-coverage="100% (1/1)"/>
						<line branch="false" hits="1" number="240"/>
						<line branch="false" hits="1" number="241"/>
						<line branch="false" hits="1" number="242"/>
						<line branch="false" hits="1" number="243"/>
						<line branch="false" hits="1" number="244"/>
						<line branch="false" hits="1" number="245"/>
						<line branch="false" hits="1" number="246"/>
						<line branch="false" hits="1" number="247"/>
						<line branch="false" hits="1" number="248"/>
						<line branch="true" hits="1" number="249" condition-coverage="100% (1/1)"/>
						<line branch="false" hits="1" number="250"/>
						<line branch="false" hits="1" number="251"/>
						<line branch="false" hits="1" number="252"/>
						<line branch="false" hits="1" number="253"/>
						<line branch="false" hits="1" number="254"/>
						<line branch="false" hits="1" number="255"/>
						<line branch="false" hits="1" number="256"/>
						<line branch="false" hits="1" number="257"/>
						<line branch="false" hits="1" number="258"/>
						<line branch="false" hits="1" number="259"/>
						<line branch="true" hits="1" number="260" condition-coverage="100% (1/1)"/>
						<line branch="false" hits="1" number="261"/>
						<line branch="false" hits="1" number="262"/>
						<line branch="false" hits="1" number="263"/>
						<line branch="false" hits="1" number="264"/>
						<line branch="false" hits="1" number="265"/>
						<line branch="false" hits="1" number="266"/>
						<line branch="false" hits="1" number="267"/>
						<line branch="false" hits="1" number="268"/>
						<line branch="false" hits="1" number="269"/>
						<line branch="false" hits="1" number="270"/>
						<line branch="true" hits="1" number="271" condition-coverage="100% (1/1)"/>
						<line branch="false" hits="1" number="272"/>
						<line branch="false" hits="1" number="273"/>
						<line branch="false" hits="1" number="274"/>
						<line branch="false" hits="1" number="275"/>
						<line branch="false" hits="1" number="276"/>
						<line branch="false" hits="1" number="277"/>
						<line branch="false" hits="1" number="278"/>
						<line branch="false" hits="1" number="279"/>
						<line branch="false" hits="1" number="280"/>
						<line branch="false" hits="1" number="281"/>
						<line branch="false" hits="1" number="282"/>
						<line branch="false" hits="1" number="283"/>
						<line branch="false" hits="1" number="284"/>
						<line branch="false" hits="1" number="285"/>
						<line branch="false" hits="1" number="286"/>
						<line branch="true" hits="1" number="287" condition-coverage="100% (1/1)"/>
						<line branch="false" hits="1" number="288"/>
						<line branch="false" hits="1" number="289"/>
						<line branch="false" hits="1" number="290"/>
						<line branch="false" hits="1" number="291"/>
						<line branch="false" hits="1" number="292"/>
						<line branch="false" hits="1" number="293"/>
						<line branch="false" hits="1" number="294"/>
						<line branch="false" hits="1" number="295"/>
						<line branch="false" hits="1" number="296"/>
						<line branch="false" hits="1" number="297"/>
						<line branch="false" hits="1" number="298"/>
						<line branch="false" hits="1" number="299"/>
						<line branch="true" hits="1" number="300" condition-coverage="100% (1/1)"/>
						<line branch="false" hits="1" number="301"/>
						<line branch="false" hits="1" number="302"/>
						<line branch="false" hits="1" number="303"/>
						<line branch="false" hits="1" number="304"/>
						<line branch="false" hits="1" number="305"/>
						<line branch="false" hits="1" number="306"/>
						<line branch="false" hits="1" number="307"/>
						<line branch="false" hits="1" number="308"/>
						<line branch="false" hits="1" number="309"/>
						<line branch="false" hits="1" number="310"/>
						<line branch="false" hits="1" number="311"/>
						<line branch="true" hits="1" number="312" condition-coverage="100% (1/1)"/>
						<line branch="false" hits="1" number="313"/>
						<line branch="false" hits="1" number="314"/>
						<line branch="false" hits="1" number="315"/>
						<line branch="false" hits="1" number="316"/>
						<line branch="false" hits="1" number="317"/>
						<line branch="false" hits="1" number="318"/>
						<line branch="false" hits="1" number="319"/>
						<line branch="false" hits="1" number="320"/>
						<line branch="false" hits="1" number="321"/>
						<line branch="false" hits="1" number="322"/>
						<line branch="false" hits="1" number="323"/>
						<line branch="false" hits="1" number="324"/>
						<line branch="false" hits="1" number="325"/>
						<line branch="false" hits="1" number="326"/>
						<line branch="false" hits="1" number="327"/>
						<line branch="false" hits="1" number="328"/>
						<line branch="false" hits="1" number="329"/>
						<line branch="false" hits="1" number="330"/>
						<line branch="false" hits="1" number="331"/>
						<line branch="false" hits="1" number="332"/>
						<line branch="false" hits="1" number="333"/>
						<line branch="false" hits="1" number="334"/>
						<line branch="false" hits="1" number="335"/>
						<line branch="false" hits="1" number="336"/>
						<line branch="true" hits="1" number="337" condition-coverage="100% (1/1)"/>
						<line branch="false" hits="1" number="338"/>
						<line branch="false" hits="1" number="339"/>
						<line branch="false" hits="1" number="340"/>
						<line branch="false" hits="1" number="341"/>
						<line branch="false" hits="1" number="342"/>
						<line branch="false" hits="1" number="343"/>
						<line branch="false" hits="1" number="344"/>
						<line branch="false" hits="1" number="345"/>
						<line branch="false" hits="1" number="346"/>
						<line branch="false" hits="1" number="347"/>
						<line branch="false" hits="1" number="348"/>
						<line branch="false" hits="1" number="349"/>
						<line branch="false" hits="1" number="350"/>
						<line branch="false" hits="1" number="351"/>
						<line branch="false" hits="1" number="352"/>
						<line branch="true" hits="1" number="353" condition-coverage="100% (1/1)"/>
						<line branch="false" hits="1" number="354"/>
						<line branch="false" hits="1" number="355"/>
						<line branch="false" hits="1" number="356"/>
						<line branch="false" hits="1" number="357"/>
						<line branch="false" hits="1" number="358"/>
						<line branch="false" hits="1" number="359"/>
						<line branch="false" hits="1" number="360"/>
						<line branch="false" hits="1" number="361"/>
						<line branch="false" hits="1" number="362"/>
						<line branch="false" hits="1" number="363"/>
						<line branch="false" hits="1" number="364"/>
						<line branch="false" hits="1" number="365"/>
						<line branch="true" hits="1" number="366" condition-coverage="100% (1/1)"/>
						<line branch="false" hits="1" number="367"/>
						<line branch="false" hits="1" number="368"/>
						<line branch="false" hits="1" number="369"/>
						<line branch="false" hits="1" number="370"/>
						<line branch="false" hits="1" number="371"/>
						<line branch="false" hits="1" number="372"/>
[...]
						<line branch="false" hits="1" number="311"/>
						<line branch="false" hits="1" number="312"/>
						<line branch="false" hits="1" number="313"/>
						<line branch="false" hits="1" number="314"/>
						<line branch="false" hits="1" number="315"/>
						<line branch="false" hits="1" number="316"/>
						<line branch="false" hits="1" number="317"/>
						<line branch="false" hits="1" number="318"/>
						<line branch="false" hits="1" number="319"/>
						<line branch="false" hits="1" number="320"/>
						<line branch="false" hits="1" number="321"/>
						<line branch="false" hits="1" number="322"/>
						<line branch="false" hits="1" number="323"/>
						<line branch="true" hits="1" number="324" condition-coverage="100% (1/1)"/>
						<line branch="false" hits="1" number="325"/>
						<line branch="false" hits="1" number="326"/>
						<line branch="false" hits="1" number="327"/>
						<line branch="false" hits="1" number="328"/>
						<line branch="false" hits="1" number="329"/>
						<line branch="false" hits="1" number="330"/>
						<line branch="false" hits="1" number="331"/>
						<line branch="false" hits="1" number="332"/>
						<line branch="false" hits="1" number="333"/>
						<line branch="false" hits="1" number="334"/>
						<line branch="false" hits="1" number="335"/>
						<line branch="false" hits="1" number="336"/>
						<line branch="false" hits="1" number="337"/>
						<line branch="false" hits="1" number="338"/>
						<line branch="false" hits="1" number="339"/>
						<line branch="true" hits="1" number="340" condition-coverage="100% (1/1)"/>
						<line branch="false" hits="1" number="341"/>
						<line branch="false" hits="1" number="342"/>
						<line branch="false" hits="1" number="343"/>
						<line branch="false" hits="1" number="344"/>
						<line branch="false" hits="1" number="345"/>
						<line branch="false" hits="1" number="346"/>
						<line branch="false" hits="1" number="347"/>
						<line branch="false" hits="1" number="348"/>
						<line branch="false" hits="1" number="349"/>
						<line branch="false" hits="1" number="350"/>
						<line branch="false" hits="1" number="351"/>
						<line branch="false" hits="1" number="352"/>
						<line branch="false" hits="1" number="353"/>
						<line branch="false" hits="1" number="354"/>
					</lines>
				</class>
			</classes>
		</package>
		<package line-rate="0.39603960396039606" branch-rate="0.8" name="tools" complexity="0">
			<classes>
				<class branch-rate="0.8" complexity="0" filename="tools/convert-milk-presets.js" line-rate="0.39603960396039606" name="tools.convert-milk-presets.js">
					<methods>
						<method name="convertShader" signature="" line-rate="0.0" branch-rate="0.0">
							<lines>
								<line hits="0" number="77" branch="false"/>
							</lines>
						</method>
						<method name="convertWaveOrShape" signature="" line-rate="0.0" branch-rate="0.0">
							<lines>
								<line hits="0" number="99" branch="false"/>
							</lines>
						</method>
						<method name="validateEquation" signature="" line-rate="1.0" branch-rate="1.0">
							<lines>
								<line hits="3" number="156" branch="false"/>
							</lines>
						</method>
						<method name="validatePresetEquations" signature="" line-rate="1.0" branch-rate="1.0">
							<lines>
								<line hits="3" number="169" branch="false"/>
							</lines>
						</method>
						<method name="anonymous_4" signature="" line-rate="0.0" branch-rate="0.0">
							<lines>
								<line hits="0" number="174" branch="false"/>
							</lines>
						</method>
						<method name="convertMilkText" signature="" line-rate="0.0" branch-rate="0.0">
							<lines>
								<line hits="0" number="185" branch="false"/>
							</lines>
						</method>
						<method name="findMilkFiles" signature="" line-rate="0.0" branch-rate="0.0">
							<lines>
								<line hits="0" number="226" branch="false"/>
							</lines>
						</method>
						<method name="runBatch" signature="" line-rate="0.0" branch-rate="0.0">
							<lines>
								<line hits="0" number="239" branch="false"/>
							</lines>
						</method>
						<method name="main" signature="" line-rate="0.0" branch-rate="0.0">
							<lines>
								<line hits="0" number="278" branch="false"/>
							</lines>
						</method>
					</methods>
					<lines>
						<line branch="true" hits="1" number="1" condition-coverage="100% (1/1)"/>
						<line branch="false" hits="1" number="2"/>
						<line branch="false" hits="1" number="3"/>
						<line branch="false" hits="1" number="4"/>
						<line branch="false" hits="1" number="5"/>
						<line branch="false" hits="1" number="6"/>
						<line branch="false" hits="1" number="7"/>
						<line branch="false" hits="1" number="8"/>
						<line branch="false" hits="1" number="9"/>
						<line branch="false" hits="1" number="10"/>
						<line branch="false" hits="1" number="11"/>
						<line branch="false" hits="1" number="12"/>
						<line branch="false" hits="1" number="13"/>
						<line branch="false" hits="1" number="14"/>
						<line branch="false" hits="1" number="15"/>
						<line branch="false" hits="1" number="16"/>
						<line branch="false" hits="1" number="17"/>
						<line branch="false" hits="1" number="18"/>
						<line branch="false" hits="1" number="19"/>
						<line branch="false" hits="1" number="20"/>
						<line branch="false" hits="1" number="21"/>
						<line branch="false" hits="1" number="22"/>
						<line branch="false" hits="1" number="23"/>
						<line branch="false" hits="1" number="24"/>
						<line branch="false" hits="1" number="25"/>
						<line branch="false" hits="1" number="26"/>
						<line branch="false" hits="1" number="27"/>
						<line branch="false" hits="1" number="28"/>
						<line branch="false" hits="1" number="29"/>
						<line branch="false" hits="1" number="30"/>
						<line branch="false" hits="1" number="31"/>
						<line branch="false" hits="1" number="32"/>
						<line branch="false" hits="1" number="33"/>
						<line branch="false" hits="1" number="34"/>
						<line branch="false" hits="1" number="35"/>
						<line branch="false" hits="1" number="36"/>
						<line branch="false" hits="1" number="37"/>
						<line branch="false" hits="1" number="38"/>
						<line branch="false" hits="1" number="39"/>
						<line branch="false" hits="1" number="40"/>
						<line branch="false" hits="1" number="41"/>
						<line branch="false" hits="1" number="42"/>
						<line branch="false" hits="1" number="43"/>
						<line branch="false" hits="1" number="44"/>
						<line branch="false" hits="1" number="45"/>
						<line branch="false" hits="1" number="46"/>
						<line branch="false" hits="1" number="47"/>
						<line branch="false" hits="1" number="48"/>
						<line branch="false" hits="1" number="49"/>
						<line branch="false" hits="1" number="50"/>
						<line branch="false" hits="1" number="51"/>
						<line branch="false" hits="1" number="52"/>
						<line branch="false" hits="1" number="53"/>
						<line branch="false" hits="1" number="54"/>
						<line branch="false" hits="1" number="55"/>
						<line branch="false" hits="1" number="56"/>
						<line branch="false" hits="1" number="57"/>
						<line branch="false" hits="1" number="58"/>
						<line branch="false" hits="1" number="59"/>
						<line branch="false" hits="1" number="60"/>
						<line branch="false" hits="1" number="61"/>
						<line branch="false" hits="1" number="62"/>
						<line branch="false" hits="1" number="63"/>
						<line branch="false" hits="1" number="64"/>
						<line branch="false" hits="1" number="65"/>
						<line branch="false" hits="1" number="66"/>
						<line branch="false" hits="1" number="67"/>
						<line branch="false" hits="1" number="68"/>
						<line branch="false" hits="1" number="69"/>
						<line branch="false" hits="1" number="70"/>
						<line branch="false" hits="1" number="71"/>
						<line branch="false" hits="1" number="72"/>
						<line branch="false" hits="1" number="73"/>
						<line branch="false" hits="1" number="74"/>
						<line branch="false" hits="1" number="75"/>
						<line branch="false" hits="1" number="76"/>
						<line branch="false" hits="0" number="77"/>
						<line branch="false" hits="0" number="78"/>
						<line branch="false" hits="0" number="79"/>
						<line branch="false" hits="0" number="80"/>
						<line branch="false" hits="0" number="81"/>
						<line branch="false" hits="0" number="82"/>
						<line branch="false" hits="0" number="83"/>
						<line branch="false" hits="0" number="84"/>
						<line branch="false" hits="0" number="85"/>
						<line branch="false" hits="0" number="86"/>
						<line branch="false" hits="0" number="87"/>
						<line branch="false" hits="0" number="88"/>
						<line branch="false" hits="0" number="89"/>
						<line branch="false" hits="0" number="90"/>
						<line branch="false" hits="0" number="91"/>
						<line branch="false" hits="0" number="92"/>
						<line branch="false" hits="0" number="93"/>
						<line branch="false" hits="0" number="94"/>
						<line branch="false" hits="1" number="95"/>
						<line branch="false" hits="1" number="96"/>
						<line branch="false" hits="1" number="97"/>
						<line branch="false" hits="1" number="98"/>
						<line branch="false" hits="0" number="99"/>
						<line branch="false" hits="0" number="100"/>
						<line branch="false" hits="0" number="101"/>
						<line branch="false" hits="0" number="102"/>
						<line branch="false" hits="0" number="103"/>
						<line branch="false" hits="0" number="104"/>
						<line branch="false" hits="0" number="105"/>
						<line branch="false" hits="0" number="106"/>
						<line branch="false" hits="0" number="107"/>
						<line branch="false" hits="0" number="108"/>
						<line branch="false" hits="0" number="109"/>
						<line branch="false" hits="0" number="110"/>
						<line branch="false" hits="0" number="111"/>
						<line branch="false" hits="0" number="112"/>
						<line branch="false" hits="0" number="113"/>
						<line branch="false" hits="0" number="114"/>
						<line branch="false" hits="0" number="115"/>
						<line branch="false" hits="0" number="116"/>
						<line branch="false" hits="0" number="117"/>
						<line branch="false" hits="0" number="118"/>
						<line branch="false" hits="0" number="119"/>
						<line branch="false" hits="0" number="120"/>
						<line branch="false" hits="0" number="121"/>
						<line branch="false" hits="0" number="122"/>
						<line branch="false" hits="0" number="123"/>
						<line branch="false" hits="0" number="124"/>
						<line branch="false" hits="0" number="125"/>
						<line branch="false" hits="0" number="126"/>
						<line branch="false" hits="0" number="127"/>
						<line branch="false" hits="0" number="128"/>
						<line branch="false" hits="0" number="129"/>
						<line branch="false" hits="0" number="130"/>
						<line branch="false" hits="0" number="131"/>
						<line branch="false" hits="0" number="132"/>
						<line branch="false" hits="0" number="133"/>
						<line branch="false" hits="0" number="134"/>
						<line branch="false" hits="0" number="135"/>
						<line branch="false" hits="0" number="136"/>
						<line branch="false" hits="0" number="137"/>
						<line branch="false" hits="0" number="138"/>
						<line branch="false" hits="0" number="139"/>
						<line branch="false" hits="0" number="140"/>
						<line branch="false" hits="0" number="141"/>
						<line branch="false" hits="0" number="142"/>
						<line branch="false" hits="0" number="143"/>
						<line branch="false" hits="0" number="144"/>
						<line branch="false" hits="0" number="145"/>
						<line branch="false" hits="0" number="146"/>
						<line branch="false" hits="0" number="147"/>
						<line branch="false" hits="0" number="148"/>
						<line branch="false" hits="0" number="149"/>
						<line branch="false" hits="0" number="150"/>
						<line branch="false" hits="0" number="151"/>
						<line branch="false" hits="0" number="152"/>
						<line branch="false" hits="0" number="153"/>
						<line branch="false" hits="1" number="154"/>
						<line branch="false" hits="1" number="155"/>
						<line branch="true" hits="3" number="156" condition-coverage="100% (1/1)"/>
						<line branch="true" hits="3" number="157" condition-coverage="100% (3/3)"/>
						<line branch="false" hits="1" number="158"/>
						<line branch="false" hits="1" number="159"/>
						<line branch="false" hits="1" number="160"/>
						<line branch="false" hits="1" number="161"/>
						<line branch="false" hits="1" number="162"/>
						<line branch="true" hits="3" number="163" condition-coverage="0% (0/1)"/>
						<line branch="false" hits="0" number="164"/>
						<line branch="false" hits="0" number="165"/>
						<line branch="false" hits="3" number="166"/>
						<line branch="false" hits="1" number="167"/>
						<line branch="false" hits="1" number="168"/>
						<line branch="true" hits="1" number="169" condition-coverage="100% (1/1)"/>
						<line branch="true" hits="1" number="170" condition-coverage="100% (1/1)"/>
						<line branch="false" hits="3" number="171"/>
						<line branch="false" hits="3" number="172"/>
						<line branch="true" hits="1" number="173" condition-coverage="100% (1/1)"/>
						<line branch="false" hits="2" number="174"/>
						<line branch="false" hits="0" number="175"/>
						<line branch="false" hits="0" number="176"/>
						<line branch="false" hits="0" number="177"/>
						<line branch="false" hits="2" number="178"/>
						<line branch="false" hits="2" number="179"/>
						<line branch="false" hits="1" number="180"/>
						<line branch="false" hits="1" number="181"/>
						<line branch="false" hits="1" number="182"/>
						<line branch="false" hits="1" number="183"/>
						<line branch="false" hits="1" number="184"/>
						<line branch="false" hits="0" number="185"/>
						<line branch="false" hits="0" number="186"/>
						<line branch="false" hits="0" number="187"/>
						<line branch="false" hits="0" number="188"/>
						<line branch="false" hits="0" number="189"/>
						<line branch="false" hits="0" number="190"/>
						<line branch="false" hits="0" number="191"/>
						<line branch="false" hits="0" number="192"/>
						<line branch="false" hits="0" number="193"/>
						<line branch="false" hits="0" number="194"/>
						<line branch="false" hits="0" number="195"/>
						<line branch="false" hits="0" number="196"/>
						<line branch="false" hits="0" number="197"/>
						<line branch="false" hits="0" number="198"/>
						<line branch="false" hits="0" number="199"/>
						<line branch="false" hits="0" number="200"/>
						<line branch="false" hits="0" number="201"/>
						<line branch="false" hits="0" number="202"/>
						<line branch="false" hits="0" number="203"/>
						<line branch="false" hits="0" number="204"/>
						<line branch="false" hits="0" number="205"/>
						<line branch="false" hits="0" number="206"/>
						<line branch="false" hits="0" number="207"/>
						<line branch="false" hits="0" number="208"/>
						<line branch="false" hits="0" number="209"/>
						<line branch="false" hits="0" number="210"/>
						<line branch="false" hits="0" number="211"/>
						<line branch="false" hits="0" number="212"/>
						<line branch="false" hits="0" number="213"/>
						<line branch="false" hits="0" number="214"/>
						<line branch="false" hits="0" number="215"/>
						<line branch="false" hits="0" number="216"/>
						<line branch="false" hits="0" number="217"/>
						<line branch="false" hits="0" number="218"/>
						<line branch="false" hits="0" number="219"/>
						<line branch="false" hits="0" number="220"/>
						<line branch="false" hits="0" number="221"/>
						<line branch="false" hits="0" number="222"/>
						<line branch="false" hits="0" number="223"/>
						<line branch="false" hits="1" number="224"/>
						<line branch="false" hits="1" number="225"/>
						<line branch="false" hits="0" number="226"/>
						<line branch="false" hits="0" number="227"/>
						<line branch="false" hits="0" number="228"/>
						<line branch="false" hits="0" number="229"/>
						<line branch="false" hits="0" number="230"/>
						<line branch="false" hits="0" number="231"/>
						<line branch="false" hits="0" number="232"/>
						<line branch="false" hits="0" number="233"/>
						<line branch="false" hits="0" number="234"/>
						<line branch="false" hits="1" number="235"/>
						<line branch="false" hits="1" number="236"/>
						<line branch="false" hits="1" number="237"/>
						<line branch="false" hits="1" number="238"/>
						<line branch="false" hits="0" number="239"/>
						<line branch="false" hits="0" number="240"/>
						<line branch="false" hits="0" number="241"/>
						<line branch="false" hits="0" number="242"/>
						<line branch="false" hits="0" number="243"/>
						<line branch="false" hits="0" number="244"/>
						<line branch="false" hits="0" number="245"/>
						<line branch="false" hits="0" number="246"/>
						<line branch="false" hits="0" number="247"/>
						<line branch="false" hits="0" number="248"/>
						<line branch="false" hits="0" number="249"/>
						<line branch="false" hits="0" number="250"/>
						<line branch="false" hits="0" number="251"/>
						<line branch="false" hits="0" number="252"/>
						<line branch="false" hits="0" number="253"/>
						<line branch="false" hits="0" number="254"/>
						<line branch="false" hits="0" number="255"/>
						<line branch="false" hits="0" number="256"/>
						<line branch="false" hits="0" number="257"/>
						<line branch="false" hits="0" number="258"/>
						<line branch="false" hits="0" number="259"/>
						<line branch="false" hits="0" number="260"/>
						<line branch="false" hits="0" number="261"/>
						<line branch="false" hits="0" number="262"/>
						<line branch="false" hits="0" number="263"/>
						<line branch="false" hits="0" number="264"/>
						<line branch="false" hits="0" number="265"/>
						<line branch="false" hits="0" number="266"/>
						<line branch="false" hits="0" number="267"/>
						<line branch="false" hits="0" number="268"/>
						<line branch="false" hits="0" number="269"/>
						<line branch="false" hits="0" number="270"/>
						<line branch="false" hits="0" number="271"/>
						<line branch="false" hits="0" number="272"/>
						<line branch="false" hits="0" number="273"/>
						<line branch="false" hits="1" number="274"/>
						<line branch="false" hits="1" number="275"/>
						<line branch="false" hits="1" number="276"/>
						<line branch="false" hits="1" number="277"/>
						<line branch="false" hits="0" number="278"/>
						<line branch="false" hits="0" number="279"/>
						<line branch="false" hits="0" number="280"/>
						<line branch="false" hits="0" number="281"/>
						<line branch="false" hits="0" number="282"/>
						<line branch="false" hits="0" number="283"/>
						<line branch="false" hits="0" number="284"/>
						<line branch="false" hits="0" number="285"/>
						<line branch="false" hits="0" number="286"/>
						<line branch="false" hits="0" number="287"/>
						<line branch="false" hits="0" number="288"/>
						<line branch="false" hits="0" number="289"/>
						<line branch="false" hits="0" number="290"/>
						<line branch="false" hits="0" number="291"/>
						<line branch="false" hits="0" number="292"/>
						<line branch="false" hits="0" number="293"/>
						<line branch="false" hits="0" number="294"/>
						<line branch="false" hits="0" number="295"/>
						<line branch="false" hits="0" number="296"/>
						<line branch="false" hits="0" number="297"/>
						<line branch="false" hits="0" number="298"/>
						<line branch="false" hits="0" number="299"/>
						<line branch="false" hits="1" number="300"/>
						<line branch="false" hits="1" number="301"/>
						<line branch="false" hits="1" number="302"/>
						<line branch="true" hits="1" number="303" condition-coverage="0% (0/1)"/>
					</lines>
				</class>
			</classes>
		</package>
	</packages>
</coverage>
