TN:
SF:tests/test_audible_keepalive.js
FN:6,loadScript
FN:11,createNode
FN:20,connect
FN:21,disconnect
FN:22,start
FN:23,stop
FN:29,createFakeContext
FN:34,createOscillator
FN:35,createGain
FN:36,resume
FN:37,close
FN:42,createHarness
FN:46,AudioContext
FN:57,create
FN:70,anonymous_14
FN:82,anonymous_15
FN:83,anonymous_16
FN:91,anonymous_17
FN:92,anonymous_18
FN:107,anonymous_19
FN:118,anonymous_20
FN:126,anonymous_21
FN:139,anonymous_22
FN:152,anonymous_23
FN:160,anonymous_24
FN:166,anonymous_25
FNDA:12,loadScript
FNDA:10,createNode
FNDA:10,connect
FNDA:4,disconnect
FNDA:5,start
FNDA:2,stop
FNDA:5,createFakeContext
FNDA:5,createOscillator
FNDA:5,createGain
FNDA:0,resume
FNDA:1,close
FNDA:11,createHarness
FNDA:4,AudioContext
FNDA:11,create
FNDA:1,anonymous_14
FNDA:1,anonymous_15
FNDA:2,anonymous_16
FNDA:6,anonymous_17
FNDA:6,anonymous_18
FNDA:1,anonymous_19
FNDA:1,anonymous_20
FNDA:1,anonymous_21
FNDA:1,anonymous_22
FNDA:1,anonymous_23
FNDA:1,anonymous_24
FNDA:1,anonymous_25
FNF:26
FNH:25
BRDA:1,0,0,1
BRDA:6,1,0,12
BRDA:11,2,0,10
BRDA:20,3,0,10
BRDA:21,4,0,4
BRDA:22,5,0,5
BRDA:23,6,0,2
BRDA:29,7,0,5
BRDA:34,8,0,5
BRDA:35,9,0,5
BRDA:37,10,0,1
BRDA:42,11,0,11
BRDA:46,12,0,4
BRDA:57,13,0,11
BRDA:70,14,0,1
BRDA:82,15,0,1
BRDA:83,16,0,2
BRDA:91,17,0,6
BRDA:92,18,0,6
BRDA:107,19,0,1
BRDA:118,20,0,1
BRDA:126,21,0,1
BRDA:139,22,0,1
BRDA:152,23,0,1
BRDA:160,24,0,1
BRDA:166,25,0,1
BRF:26
BRH:26
DA:1,1
DA:2,1
DA:3,1
DA:4,1
DA:5,1
DA:6,12
DA:7,12
DA:8,12
DA:9,12
DA:10,1
DA:11,10
DA:12,10
DA:13,10
DA:14,10
DA:15,10
DA:16,10
DA:17,10
DA:18,10
DA:19,10
DA:20,10
DA:21,10
DA:22,10
DA:23,10
DA:24,10
DA:25,10
DA:26,10
DA:27,10
DA:28,1
DA:29,5
DA:30,5
DA:31,5
DA:32,5
DA:33,5
DA:34,5
DA:35,5
DA:36,5
DA:37,5
DA:38,5
DA:39,5
DA:40,5
DA:41,1
DA:42,11
DA:43,11
DA:44,11
DA:45,11
DA:46,11
DA:47,4
DA:48,4
DA:49,4
DA:50,11
DA:51,11
DA:52,11
DA:53,11
DA:54,11
DA:55,11
DA:56,11
DA:57,11
DA:58,11
DA:59,11
DA:60,1
DA:61,1
DA:62,1
DA:63,1
DA:64,1
DA:65,1
DA:66,1
DA:67,1
DA:68,1
DA:69,1
DA:70,1
DA:71,1
DA:72,1
DA:73,1
DA:74,1
DA:75,1
DA:76,1
DA:77,1
DA:78,1
DA:79,1
DA:80,1
DA:81,1
DA:82,1
DA:83,1
DA:84,1
DA:85,1
DA:86,1
DA:87,1
DA:88,1
DA:89,1
DA:90,1
DA:91,1
DA:92,6
DA:93,6
DA:94,6
DA:95,6
DA:96,6
DA:97,6
DA:98,6
DA:99,6
DA:100,6
DA:101,6
DA:102,6
DA:103,6
DA:104,6
DA:105,1
DA:106,1
DA:107,1
DA:108,1
DA:109,1
DA:110,1
DA:111,1
DA:112,1
DA:113,1
DA:114,1
DA:115,1
DA:116,1
DA:117,1
DA:118,1
DA:119,1
DA:120,1
DA:121,1
DA:122,1
DA:123,1
DA:124,1
DA:125,1
DA:126,1
DA:127,1
DA:128,1
DA:129,1
DA:130,1
DA:131,1
DA:132,1
DA:133,1
DA:134,1
DA:135,1
DA:136,1
DA:137,1
DA:138,1
DA:139,1
DA:140,1
DA:141,1
DA:142,1
DA:143,1
DA:144,1
DA:145,1
DA:146,1
DA:147,1
DA:148,1
DA:149,1
DA:150,1
DA:151,1
DA:152,1
DA:153,1
DA:154,1
DA:155,1
DA:156,1
DA:157,1
DA:158,1
DA:159,1
DA:160,1
DA:161,1
DA:162,1
DA:163,1
DA:164,1
DA:165,1
DA:166,1
DA:167,1
DA:168,1
DA:169,1
DA:170,1
DA:171,1
DA:172,1
DA:173,1
DA:174,1
DA:175,1
DA:176,1
LH:176
LF:176
end_of_record
SF:tests/test_audio_watchdog.js
FN:6,loadScript
FN:11,flushMicrotasks
FN:12,anonymous_2
FN:15,createTrack
FN:20,addEventListener
FN:21,stop
FN:26,createHarness
FN:39,resume
FN:47,setInterval
FN:48,clearInterval
FN:54,now
FN:57,getDriverStats
FN:58,restartDriver
FN:59,recoverVisualizer
FN:60,getAudioContext
FN:61,getTrack
FN:62,getDeviceId
FN:63,getDeviceLabel
FN:64,listDevices
FN:68,reconnect
FN:72,onToast
FN:81,setTrack
FN:82,getTrack
FN:83,advance
FN:84,now
FN:85,tick
FN:92,anonymous_26
FN:121,anonymous_27
FN:136,anonymous_28
FN:149,anonymous_29
FN:159,anonymous_30
FN:176,anonymous_31
FN:196,anonymous_32
FN:216,anonymous_33
FN:235,anonymous_34
FN:255,anonymous_35
FN:273,anonymous_36
FN:288,anonymous_37
FN:289,setInterval
FN:289,clearInterval
FN:293,window.setInterval
FN:298,isMonitoring
FN:299,getTrack
FN:300,onToast
FN:311,anonymous_44
FN:322,anonymous_45
FN:325,anonymous_46
FN:326,setInterval
FN:326,clearInterval
FN:341,anonymous_49
FN:344,anonymous_50
FN:357,anonymous_51
FN:358,setInterval
FN:358,clearInterval
FNDA:15,loadScript
FNDA:95,flushMicrotasks
FNDA:95,anonymous_2
FNDA:13,createTrack
FNDA:0,addEventListener
FNDA:0,stop
FNDA:12,createHarness
FNDA:3,resume
FNDA:12,setInterval
FNDA:1,clearInterval
FNDA:126,now
FNDA:93,getDriverStats
FNDA:19,restartDriver
FNDA:3,recoverVisualizer
FNDA:93,getAudioContext
FNDA:93,getTrack
FNDA:3,getDeviceId
FNDA:3,getDeviceLabel
FNDA:3,listDevices
FNDA:2,reconnect
FNDA:8,onToast
FNDA:1,setTrack
FNDA:7,getTrack
FNDA:82,advance
FNDA:16,now
FNDA:94,tick
FNDA:1,anonymous_26
FNDA:6,anonymous_27
FNDA:1,anonymous_28
FNDA:1,anonymous_29
FNDA:1,anonymous_30
FNDA:1,anonymous_31
FNDA:1,anonymous_32
FNDA:60,anonymous_33
FNDA:1,anonymous_34
FNDA:1,anonymous_35
FNDA:1,anonymous_36
FNDA:1,anonymous_37
FNDA:0,setInterval
FNDA:0,clearInterval
FNDA:1,window.setInterval
FNDA:1,isMonitoring
FNDA:0,getTrack
FNDA:0,onToast
FNDA:1,anonymous_44
FNDA:2,anonymous_45
FNDA:1,anonymous_46
FNDA:0,setInterval
FNDA:0,clearInterval
FNDA:5,anonymous_49
FNDA:4,anonymous_50
FNDA:1,anonymous_51
FNDA:0,setInterval
FNDA:0,clearInterval
FNF:54
FNH:44
BRDA:1,0,0,1
BRDA:6,1,0,15
BRDA:11,2,0,95
BRDA:12,3,0,95
BRDA:15,4,0,13
BRDA:26,5,0,12
BRDA:27,6,0,2
BRDA:39,7,0,10
BRDA:44,8,0,0
BRDA:39,9,0,3
BRDA:41,10,0,2
BRDA:41,11,0,1
BRDA:47,12,0,12
BRDA:48,13,0,1
BRDA:54,14,0,126
BRDA:57,15,0,93
BRDA:58,16,0,19
BRDA:59,17,0,3
BRDA:60,18,0,93
BRDA:61,19,0,93
BRDA:62,20,0,3
BRDA:63,21,0,3
BRDA:64,22,0,3
BRDA:66,23,0,0
BRDA:68,24,0,2
BRDA:70,25,0,0
BRDA:72,26,0,8
BRDA:81,27,0,1
BRDA:82,28,0,7
BRDA:83,29,0,82
BRDA:84,30,0,16
BRDA:85,31,0,94
BRDA:86,32,0,93
BRDA:92,33,0,1
BRDA:121,34,0,1
BRDA:125,35,0,6
BRDA:136,36,0,1
BRDA:149,37,0,1
BRDA:159,38,0,1
BRDA:176,39,0,1
BRDA:196,40,0,1
BRDA:216,41,0,1
BRDA:223,42,0,60
BRDA:235,43,0,1
BRDA:255,44,0,1
BRDA:273,45,0,1
BRDA:288,46,0,1
BRDA:293,47,0,1
BRDA:298,48,0,1
BRDA:311,49,0,1
BRDA:322,50,0,2
BRDA:325,51,0,1
BRDA:341,52,0,5
BRDA:344,53,0,4
BRDA:357,54,0,1
BRF:55
BRH:52
DA:1,1
DA:2,1
DA:3,1
DA:4,1
DA:5,1
DA:6,15
DA:7,15
DA:8,15
DA:9,15
DA:10,1
DA:11,95
DA:12,95
DA:13,95
DA:14,1
DA:15,13
DA:16,13
DA:17,13
DA:18,13
DA:19,13
DA:20,13
DA:21,13
DA:22,13
DA:23,13
DA:24,13
DA:25,1
DA:26,12
DA:27,12
DA:28,12
DA:29,12
DA:30,12
DA:31,12
DA:32,12
DA:33,12
DA:34,12
DA:35,12
DA:36,12
DA:37,12
DA:38,12
DA:39,12
DA:40,3
DA:41,3
DA:42,12
DA:43,12
DA:44,12
DA:45,12
DA:46,12
DA:47,12
DA:48,12
DA:49,12
DA:50,12
DA:51,12
DA:52,12
DA:53,12
DA:54,12
DA:55,12
DA:56,12
DA:57,12
DA:58,12
DA:59,12
DA:60,12
DA:61,12
DA:62,12
DA:63,12
DA:64,12
DA:65,3
DA:66,3
DA:67,12
DA:68,12
DA:69,2
DA:70,2
DA:71,12
DA:72,12
DA:73,12
DA:74,12
DA:75,12
DA:76,12
DA:77,12
DA:78,12
DA:79,12
DA:80,12
DA:81,12
DA:82,12
DA:83,12
DA:84,12
DA:85,12
DA:86,94
DA:87,94
DA:88,12
DA:89,12
DA:90,12
DA:91,1
DA:92,1
DA:93,1
DA:94,1
DA:95,1
DA:96,1
DA:97,1
DA:98,1
DA:99,1
DA:100,1
DA:101,1
DA:102,1
DA:103,1
DA:104,1
DA:105,1
DA:106,1
DA:107,1
DA:108,1
DA:109,1
DA:110,1
DA:111,1
DA:112,1
DA:113,1
DA:114,1
DA:115,1
DA:116,1
DA:117,1
DA:118,1
DA:119,1
DA:120,1
DA:121,1
DA:122,1
DA:123,1
DA:124,1
DA:125,1
DA:126,6
DA:127,6
DA:128,6
DA:129,6
DA:130,6
DA:131,1
DA:132,1
DA:133,1
DA:134,1
DA:135,1
DA:136,1
DA:137,1
DA:138,1
DA:139,1
DA:140,1
DA:141,1
DA:142,1
DA:143,1
DA:144,1
DA:145,1
DA:146,1
DA:147,1
DA:148,1
DA:149,1
DA:150,1
DA:151,1
DA:152,1
DA:153,1
DA:154,1
DA:155,1
DA:156,1
DA:157,1
DA:158,1
DA:159,1
DA:160,1
DA:161,1
DA:162,1
DA:163,1
DA:164,1
DA:165,1
DA:166,1
DA:167,1
DA:168,1
DA:169,1
DA:170,1
DA:171,1
DA:172,1
DA:173,1
DA:174,1
DA:175,1
DA:176,1
DA:177,1
DA:178,1
DA:179,1
DA:180,1
DA:181,1
DA:182,1
DA:183,1
DA:184,1
DA:185,1
DA:186,1
DA:187,1
DA:188,1
DA:189,1
DA:190,1
DA:191,1
DA:192,1
DA:193,1
DA:194,1
DA:195,1
DA:196,1
DA:197,1
DA:198,1
DA:199,1
DA:200,1
DA:201,1
DA:202,1
DA:203,1
DA:204,1
DA:205,1
DA:206,1
DA:207,1
DA:208,1
DA:209,1
DA:210,1
DA:211,1
DA:212,1
DA:213,1
DA:214,1
DA:215,1
DA:216,1
DA:217,1
DA:218,1
DA:219,1
DA:220,1
DA:221,1
DA:222,1
DA:223,1
DA:224,60
DA:225,60
DA:226,60
DA:227,1
DA:228,1
DA:229,1
DA:230,1
DA:231,1
DA:232,1
DA:233,1
DA:234,1
DA:235,1
DA:236,1
DA:237,1
DA:238,1
DA:239,1
DA:240,1
DA:241,1
DA:242,1
DA:243,1
DA:244,1
DA:245,1
DA:246,1
DA:247,1
DA:248,1
DA:249,1
DA:250,1
DA:251,1
DA:252,1
DA:253,1
DA:254,1
DA:255,1
DA:256,1
DA:257,1
DA:258,1
DA:259,1
DA:260,1
DA:261,1
DA:262,1
DA:263,1
DA:264,1
DA:265,1
DA:266,1
DA:267,1
DA:268,1
DA:269,1
DA:270,1
DA:271,1
DA:272,1
DA:273,1
DA:274,1
DA:275,1
DA:276,1
DA:277,1
DA:278,1
DA:279,1
DA:280,1
DA:281,1
DA:282,1
DA:283,1
DA:284,1
DA:285,1
DA:286,1
DA:287,1
DA:288,1
DA:289,1
DA:290,1
DA:291,1
DA:292,1
DA:293,1
DA:294,1
DA:295,1
DA:296,1
DA:297,1
DA:298,1
DA:299,1
DA:300,1
DA:301,1
DA:302,1
DA:303,1
DA:304,1
DA:305,1
DA:306,1
DA:307,1
DA:308,1
DA:309,1
DA:310,1
DA:311,1
DA:312,1
DA:313,1
DA:314,1
DA:315,1
DA:316,1
DA:317,1
DA:318,1
DA:319,1
DA:320,1
DA:321,1
DA:322,1
DA:323,1
DA:324,1
DA:325,1
DA:326,1
DA:327,1
DA:328,1
DA:329,1
DA:330,1
DA:331,1
DA:332,1
DA:333,1
DA:334,1
DA:335,1
DA:336,1
DA:337,1
DA:338,1
DA:339,1
DA:340,1
DA:341,1
DA:342,1
DA:343,1
DA:344,1
DA:345,1
DA:346,1
DA:347,1
DA:348,1
DA:349,1
DA:350,1
DA:351,1
DA:352,1
DA:353,1
DA:354,1
DA:355,1
DA:356,1
DA:357,1
DA:358,1
DA:359,1
DA:360,1
DA:361,1
DA:362,1
DA:363,1
DA:364,1
DA:365,1
DA:366,1
DA:367,1
DA:368,1
DA:369,1
LH:369
LF:369
end_of_record
SF:tests/test_bcviz_api.js
FN:18,compileEquation
FN:23,compilePresetEquations
FN:24,anonymous_2
FN:27,anonymous_3
FN:28,anonymous_4
FN:29,anonymous_5
FN:41,createFakeMediaDevices
FN:46,notReadable
FN:51,makeTrack
FN:54,getSettings
FN:55,stop
FN:65,openCountFor
FN:66,enumerateDevices
FN:67,getUserMedia
FN:71,anonymous_14
FN:80,getTracks
FN:80,getAudioTracks
FN:85,createHarness
FN:87,schedule
FN:92,canvas.addEventListener
FN:97,getError
FN:98,linkProgram
FN:99,getProgramParameter
FN:100,getProgramInfoLog
FN:102,canvas.getContext
FN:109,trackedSetInterval
FN:117,getPresets
FN:121,addEventListener
FN:122,requestAnimationFrame
FN:128,cancelAnimationFrame
FN:129,requestIdleCallback
FN:134,setInterval
FN:141,window.AudioContext
FN:142,resume
FN:143,close
FN:144,createMediaStreamSource
FN:147,createOscillator
FN:148,connect
FN:148,start
FN:150,createGain
FN:150,connect
FN:154,createVisualizer
FN:158,loadPreset
FN:163,render
FN:164,connectAudio
FN:165,disconnectAudio
FN:173,addEventListener
FN:176,createElement
FN:178,appendChild
FN:184,anonymous_49
FN:204,chunkLoads
FN:205,imagePartLoads
FN:206,intervalCalls
FN:207,renderCount
FN:208,runFrame
FN:216,setHidden
FN:219,anonymous_56
FN:224,sleep
FN:225,anonymous_58
FN:228,anonymous_59
FN:239,anonymous_60
FN:249,anonymous_61
FN:260,anonymous_62
FN:271,anonymous_63
FN:287,anonymous_64
FN:300,anonymous_65
FN:312,anonymous_66
FN:337,anonymous_67
FN:353,anonymous_68
FN:366,anonymous_69
FN:377,anonymous_70
FN:388,anonymous_71
FN:406,anonymous_72
FN:431,anonymous_73
FN:446,anonymous_74
FN:459,anonymous_75
FN:481,anonymous_76
FN:496,anonymous_77
FN:518,anonymous_78
FN:523,makeTrack
FN:526,getSettings
FN:527,stop
FN:536,enumerateDevices
FN:537,getUserMedia
FN:551,getTracks
FN:551,getAudioTracks
FN:572,anonymous_86
FN:576,makeTrack
FN:579,getSettings
FN:580,stop
FN:585,enumerateDevices
FN:586,getUserMedia
FN:594,getTracks
FN:595,getAudioTracks
FN:604,anonymous_94
FN:613,anonymous_95
FNDA:87,compileEquation
FNDA:25,compilePresetEquations
FNDA:75,anonymous_2
FNDA:50,anonymous_3
FNDA:4,anonymous_4
FNDA:12,anonymous_5
FNDA:20,createFakeMediaDevices
FNDA:0,notReadable
FNDA:19,makeTrack
FNDA:18,getSettings
FNDA:1,stop
FNDA:0,openCountFor
FNDA:18,enumerateDevices
FNDA:19,getUserMedia
FNDA:4,anonymous_14
FNDA:1,getTracks
FNDA:49,getAudioTracks
FNDA:22,createHarness
FNDA:9,schedule
FNDA:44,canvas.addEventListener
FNDA:0,getError
FNDA:25,linkProgram
FNDA:25,getProgramParameter
FNDA:1,getProgramInfoLog
FNDA:20,canvas.getContext
FNDA:2,trackedSetInterval
FNDA:20,getPresets
FNDA:22,addEventListener
FNDA:24,requestAnimationFrame
FNDA:2,cancelAnimationFrame
FNDA:20,requestIdleCallback
FNDA:20,setInterval
FNDA:22,window.AudioContext
FNDA:20,resume
FNDA:0,close
FNDA:22,createMediaStreamSource
FNDA:2,createOscillator
FNDA:2,connect
FNDA:2,start
FNDA:2,createGain
FNDA:2,connect
FNDA:20,createVisualizer
FNDA:25,loadPreset
FNDA:8,render
FNDA:22,connectAudio
FNDA:3,disconnectAudio
FNDA:44,addEventListener
FNDA:20,createElement
FNDA:20,appendChild
FNDA:66,anonymous_49
FNDA:1,chunkLoads
FNDA:1,imagePartLoads
FNDA:4,intervalCalls
FNDA:5,renderCount
FNDA:2,runFrame
FNDA:4,setHidden
FNDA:8,anonymous_56
FNDA:10,sleep
FNDA:10,anonymous_58
FNDA:1,anonymous_59
FNDA:1,anonymous_60
FNDA:1,anonymous_61
FNDA:1,anonymous_62
FNDA:1,anonymous_63
FNDA:1,anonymous_64
FNDA:1,anonymous_65
FNDA:1,anonymous_66
FNDA:1,anonymous_67
FNDA:1,anonymous_68
FNDA:1,anonymous_69
FNDA:1,anonymous_70
FNDA:1,anonymous_71
FNDA:1,anonymous_72
FNDA:1,anonymous_73
FNDA:1,anonymous_74
FNDA:1,anonymous_75
FNDA:1,anonymous_76
FNDA:1,anonymous_77
FNDA:1,anonymous_78
FNDA:2,makeTrack
FNDA:1,getSettings
FNDA:1,stop
FNDA:1,enumerateDevices
FNDA:3,getUserMedia
FNDA:1,getTracks
FNDA:5,getAudioTracks
FNDA:1,anonymous_86
FNDA:3,makeTrack
FNDA:1,getSettings
FNDA:1,stop
FNDA:1,enumerateDevices
FNDA:2,getUserMedia
FNDA:1,getTracks
FNDA:2,getAudioTracks
FNDA:1,anonymous_94
FNDA:1,anonymous_95
FNF:96
FNH:92
BRDA:1,0,0,1
BRDA:18,1,0,87
BRDA:19,2,0,69
BRDA:19,3,0,18
BRDA:23,4,0,25
BRDA:24,5,0,75
BRDA:27,6,0,50
BRDA:28,7,0,46
BRDA:28,8,0,4
BRDA:29,9,0,12
BRDA:41,10,0,20
BRDA:42,11,0,18
BRDA:43,12,0,18
BRDA:51,13,0,19
BRDA:54,14,0,18
BRDA:55,15,0,1
BRDA:56,16,0,0
BRDA:58,17,0,0
BRDA:66,18,0,18
BRDA:67,19,0,19
BRDA:69,20,0,1
BRDA:69,21,0,18
BRDA:69,22,0,17
BRDA:71,23,0,2
BRDA:71,24,0,17
BRDA:72,25,0,0
BRDA:77,26,0,0
BRDA:71,27,0,4
BRDA:80,28,0,1
BRDA:80,29,0,49
BRDA:85,30,0,22
BRDA:93,31,0,21
BRDA:117,32,0,20
BRDA:117,33,0,2
BRDA:187,34,0,4
BRDA:188,35,0,19
BRDA:188,36,0,1
BRDA:87,37,0,9
BRDA:92,38,0,44
BRDA:98,39,0,25
BRDA:99,40,0,25
BRDA:100,41,0,1
BRDA:102,42,0,20
BRDA:109,43,0,2
BRDA:117,44,0,20
BRDA:121,45,0,22
BRDA:122,46,0,24
BRDA:128,47,0,2
BRDA:129,48,0,20
BRDA:134,49,0,20
BRDA:141,50,0,22
BRDA:142,51,0,20
BRDA:144,52,0,22
BRDA:147,53,0,2
BRDA:148,54,0,2
BRDA:148,55,0,2
BRDA:150,56,0,2
BRDA:150,57,0,2
BRDA:154,58,0,20
BRDA:158,59,0,25
BRDA:163,60,0,8
BRDA:164,61,0,22
BRDA:165,62,0,3
BRDA:173,63,0,44
BRDA:176,64,0,20
BRDA:178,65,0,20
BRDA:179,66,0,0
BRDA:184,67,0,66
BRDA:204,68,0,1
BRDA:205,69,0,1
BRDA:206,70,0,4
BRDA:207,71,0,5
BRDA:208,72,0,2
BRDA:210,73,0,0
BRDA:216,74,0,4
BRDA:218,75,0,2
BRDA:218,76,0,2
BRDA:219,77,0,8
BRDA:224,78,0,10
BRDA:225,79,0,10
BRDA:228,80,0,1
BRDA:239,81,0,1
BRDA:249,82,0,1
BRDA:260,83,0,1
BRDA:271,84,0,1
BRDA:287,85,0,1
BRDA:300,86,0,1
BRDA:312,87,0,1
BRDA:337,88,0,1
BRDA:353,89,0,1
BRDA:366,90,0,1
BRDA:377,91,0,1
BRDA:388,92,0,1
BRDA:406,93,0,1
BRDA:431,94,0,1
BRDA:446,95,0,1
BRDA:459,96,0,1
BRDA:481,97,0,1
BRDA:496,98,0,1
BRDA:518,99,0,1
BRDA:523,100,0,2
BRDA:526,101,0,1
BRDA:527,102,0,1
BRDA:528,103,0,0
BRDA:530,104,0,0
BRDA:536,105,0,1
BRDA:537,106,0,3
BRDA:538,107,0,2
BRDA:538,108,0,1
BRDA:539,109,0,2
BRDA:539,110,0,1
BRDA:540,111,0,2
BRDA:542,112,0,1
BRDA:547,113,0,2
BRDA:548,114,0,0
BRDA:548,115,0,2
BRDA:551,116,0,1
BRDA:551,117,0,5
BRDA:572,118,0,1
BRDA:576,119,0,3
BRDA:579,120,0,1
BRDA:580,121,0,1
BRDA:585,122,0,1
BRDA:586,123,0,2
BRDA:587,124,0,1
BRDA:587,125,0,1
BRDA:588,126,0,1
BRDA:594,127,0,1
BRDA:595,128,0,2
BRDA:604,129,0,1
BRDA:613,130,0,1
BRF:131
BRH:122
DA:1,1
DA:2,1
DA:3,1
DA:4,1
DA:5,1
DA:6,1
DA:7,1
DA:8,1
DA:9,1
DA:10,1
DA:11,1
DA:12,1
DA:13,1
DA:14,1
DA:15,1
DA:16,1
DA:17,1
DA:18,87
DA:19,87
DA:20,18
DA:21,87
DA:22,1
DA:23,25
DA:24,25
DA:25,75
DA:26,25
DA:27,25
DA:28,50
DA:29,4
DA:30,12
DA:31,4
DA:32,50
DA:33,25
DA:34,25
DA:35,1
DA:36,1
DA:37,1
DA:38,1
DA:39,1
DA:40,1
DA:41,20
DA:42,20
DA:43,20
DA:44,20
DA:45,20
DA:46,20
DA:47,0
DA:48,0
DA:49,0
DA:50,0
DA:51,20
DA:52,19
DA:53,19
DA:54,19
DA:55,19
DA:56,1
DA:57,1
DA:58,1
DA:59,19
DA:60,19
DA:61,19
DA:62,19
DA:63,20
DA:64,20
DA:65,20
DA:66,20
DA:67,20
DA:68,19
DA:69,19
DA:70,19
DA:71,19
DA:72,19
DA:73,0
DA:74,0
DA:75,0
DA:76,0
DA:77,19
DA:78,19
DA:79,19
DA:80,19
DA:81,20
DA:82,20
DA:83,20
DA:84,1
DA:85,22
DA:86,22
DA:87,22
DA:88,9
DA:89,9
DA:90,9
DA:91,22
DA:92,22
DA:93,22
DA:94,22
DA:95,22
DA:96,22
DA:97,22
DA:98,22
DA:99,22
DA:100,22
DA:101,22
DA:102,22
DA:103,22
DA:104,22
DA:105,22
DA:106,22
DA:107,22
DA:108,22
DA:109,22
DA:110,2
DA:111,2
DA:112,2
DA:113,2
DA:114,22
DA:115,22
DA:116,22
DA:117,22
DA:118,22
DA:119,22
DA:120,22
DA:121,22
DA:122,22
DA:123,24
DA:124,24
DA:125,24
DA:126,22
DA:127,22
DA:128,22
DA:129,22
DA:130,22
DA:131,22
DA:132,22
DA:133,22
DA:134,22
DA:135,20
DA:136,20
DA:137,20
DA:138,22
DA:139,22
DA:140,22
DA:141,22
DA:142,22
DA:143,22
DA:144,22
DA:145,22
DA:146,22
DA:147,22
DA:148,2
DA:149,22
DA:150,22
DA:151,22
DA:152,22
DA:153,22
DA:154,22
DA:155,20
DA:156,20
DA:157,20
DA:158,20
DA:159,25
DA:160,25
DA:161,25
DA:162,20
DA:163,20
DA:164,20
DA:165,20
DA:166,20
DA:167,22
DA:168,22
DA:169,22
DA:170,22
DA:171,22
DA:172,22
DA:173,22
DA:174,44
DA:175,22
DA:176,22
DA:177,22
DA:178,22
DA:179,20
DA:180,20
DA:181,22
DA:182,22
DA:183,22
DA:184,22
DA:185,66
DA:186,22
DA:187,22
DA:188,22
DA:189,22
DA:190,22
DA:191,22
DA:192,22
DA:193,22
DA:194,22
DA:195,22
DA:196,22
DA:197,22
DA:198,22
DA:199,22
DA:200,22
DA:201,22
DA:202,22
DA:203,22
DA:204,22
DA:205,22
DA:206,22
DA:207,22
DA:208,22
DA:209,2
DA:210,2
DA:211,2
DA:212,2
DA:213,2
DA:214,2
DA:215,22
DA:216,22
DA:217,4
DA:218,4
DA:219,4
DA:220,22
DA:221,22
DA:222,22
DA:223,1
DA:224,10
DA:225,10
DA:226,10
DA:227,1
DA:228,1
DA:229,1
DA:230,1
DA:231,1
DA:232,1
DA:233,1
DA:234,1
DA:235,1
DA:236,1
DA:237,1
DA:238,1
DA:239,1
DA:240,1
DA:241,1
DA:242,1
DA:243,1
DA:244,1
DA:245,1
DA:246,1
DA:247,1
DA:248,1
DA:249,1
DA:250,1
DA:251,1
DA:252,1
DA:253,1
DA:254,1
DA:255,1
DA:256,1
DA:257,1
DA:258,1
DA:259,1
DA:260,1
DA:261,1
DA:262,1
DA:263,1
DA:264,1
DA:265,1
DA:266,1
DA:267,1
DA:268,1
DA:269,1
DA:270,1
DA:271,1
DA:272,1
DA:273,1
DA:274,1
DA:275,1
DA:276,1
DA:277,1
DA:278,1
DA:279,1
DA:280,1
DA:281,1
DA:282,1
DA:283,1
DA:284,1
DA:285,1
DA:286,1
DA:287,1
DA:288,1
DA:289,1
DA:290,1
DA:291,1
DA:292,1
DA:293,1
DA:294,1
DA:295,1
DA:296,1
DA:297,1
DA:298,1
DA:299,1
DA:300,1
DA:301,1
DA:302,1
DA:303,1
DA:304,1
DA:305,1
DA:306,1
DA:307,1
DA:308,1
DA:309,1
DA:310,1
DA:311,1
DA:312,1
DA:313,1
DA:314,1
DA:315,1
DA:316,1
DA:317,1
DA:318,1
DA:319,1
DA:320,1
DA:321,1
DA:322,1
DA:323,1
DA:324,1
DA:325,1
DA:326,1
DA:327,1
DA:328,1
DA:329,1
DA:330,1
DA:331,1
DA:332,1
DA:333,1
DA:334,1
DA:335,1
DA:336,1
DA:337,1
DA:338,1
DA:339,1
DA:340,1
DA:341,1
DA:342,1
DA:343,1
DA:344,1
DA:345,1
DA:346,1
DA:347,1
DA:348,1
DA:349,1
DA:350,1
DA:351,1
DA:352,1
DA:353,1
DA:354,1
DA:355,1
DA:356,1
DA:357,1
DA:358,1
DA:359,1
DA:360,1
DA:361,1
DA:362,1
DA:363,1
DA:364,1
DA:365,1
DA:366,1
DA:367,1
DA:368,1
DA:369,1
DA:370,1
DA:371,1
DA:372,1
DA:373,1
DA:374,1
DA:375,1
DA:376,1
DA:377,1
DA:378,1
DA:379,1
DA:380,1
DA:381,1
DA:382,1
DA:383,1
DA:384,1
DA:385,1
DA:386,1
DA:387,1
DA:388,1
DA:389,1
DA:390,1
DA:391,1
DA:392,1
DA:393,1
DA:394,1
DA:395,1
DA:396,1
DA:397,1
DA:398,1
DA:399,1
DA:400,1
DA:401,1
DA:402,1
DA:403,1
DA:404,1
DA:405,1
DA:406,1
DA:407,1
DA:408,1
DA:409,1
DA:410,1
DA:411,1
DA:412,1
DA:413,1
DA:414,1
DA:415,1
DA:416,1
DA:417,1
DA:418,1
DA:419,1
DA:420,1
DA:421,1
DA:422,1
DA:423,1
DA:424,1
DA:425,1
DA:426,1
DA:427,1
DA:428,1
DA:429,1
DA:430,1
DA:431,1
DA:432,1
DA:433,1
DA:434,1
DA:435,1
DA:436,1
DA:437,1
DA:438,1
DA:439,1
DA:440,1
DA:441,1
DA:442,1
DA:443,1
DA:444,1
DA:445,1
DA:446,1
DA:447,1
DA:448,1
DA:449,1
DA:450,1
DA:451,1
DA:452,1
DA:453,1
DA:454,1
DA:455,1
DA:456,1
DA:457,1
DA:458,1
DA:459,1
DA:460,1
DA:461,1
DA:462,1
DA:463,1
DA:464,1
DA:465,1
DA:466,1
DA:467,1
DA:468,1
DA:469,1
DA:470,1
DA:471,1
DA:472,1
DA:473,1
DA:474,1
DA:475,1
DA:476,1
DA:477,1
DA:478,1
DA:479,1
DA:480,1
DA:481,1
DA:482,1
DA:483,1
DA:484,1
DA:485,1
DA:486,1
DA:487,1
DA:488,1
DA:489,1
DA:490,1
DA:491,1
DA:492,1
DA:493,1
DA:494,1
DA:495,1
DA:496,1
DA:497,1
DA:498,1
DA:499,1
DA:500,1
DA:501,1
DA:502,1
DA:503,1
DA:504,1
DA:505,1
DA:506,1
DA:507,1
DA:508,1
DA:509,1
DA:510,1
DA:511,1
DA:512,1
DA:513,1
DA:514,1
DA:515,1
DA:516,1
DA:517,1
DA:518,1
DA:519,1
DA:520,1
DA:521,1
DA:522,1
DA:523,1
DA:524,2
DA:525,2
DA:526,2
DA:527,2
DA:528,1
DA:529,1
DA:530,1
DA:531,2
DA:532,2
DA:533,2
DA:534,2
DA:535,1
DA:536,1
DA:537,1
DA:538,3
DA:539,3
DA:540,3
DA:541,2
DA:542,2
DA:543,1
DA:544,1
DA:545,1
DA:546,1
DA:547,2
DA:548,3
DA:549,2
DA:550,2
DA:551,2
DA:552,1
DA:553,1
DA:554,1
DA:555,1
DA:556,1
DA:557,1
DA:558,1
DA:559,1
DA:560,1
DA:561,1
DA:562,1
DA:563,1
DA:564,1
DA:565,1
DA:566,1
DA:567,1
DA:568,1
DA:569,1
DA:570,1
DA:571,1
DA:572,1
DA:573,1
DA:574,1
DA:575,1
DA:576,1
DA:577,3
DA:578,3
DA:579,3
DA:580,3
DA:581,3
DA:582,3
DA:583,3
DA:584,1
DA:585,1
DA:586,1
DA:587,2
DA:588,2
DA:589,1
DA:590,1
DA:591,1
DA:592,1
DA:593,1
DA:594,1
DA:595,1
DA:596,1
DA:597,1
DA:598,1
DA:599,1
DA:600,1
DA:601,1
DA:602,1
DA:603,1
DA:604,1
DA:605,1
DA:606,1
DA:607,1
DA:608,1
DA:609,1
DA:610,1
DA:611,1
DA:612,1
DA:613,1
DA:614,1
DA:615,1
DA:616,1
DA:617,1
DA:618,1
DA:619,1
DA:620,1
DA:621,1
DA:622,1
DA:623,1
DA:624,1
DA:625,1
DA:626,1
DA:627,1
LH:619
LF:627
end_of_record
SF:tests/test_convert_milk_presets.js
FN:6,anonymous_0
FN:7,anonymous_1
FNDA:1,anonymous_0
FNDA:1,anonymous_1
FNF:2
FNH:2
BRDA:1,0,0,1
BRDA:6,1,0,1
BRDA:7,2,0,1
BRF:3
BRH:3
DA:1,1
DA:2,1
DA:3,1
DA:4,1
DA:5,1
DA:6,1
DA:7,1
DA:8,1
DA:9,1
DA:10,1
DA:11,1
DA:12,1
DA:13,1
DA:14,1
DA:15,1
DA:16,1
LH:16
LF:16
end_of_record
SF:tests/test_diagnostics.js
FN:6,loadScript
FN:11,createElement
FN:18,appendChild
FN:19,setAttribute
FN:24,collectText
FN:26,anonymous_5
FN:30,createHarness
FN:35,setInterval
FN:40,clearInterval
FN:50,getStats
FN:56,setStats
FN:57,text
FN:74,anonymous_12
FN:82,anonymous_13
FN:96,anonymous_14
FN:107,anonymous_15
FN:119,anonymous_16
FN:133,anonymous_17
FN:143,anonymous_18
FN:144,setInterval
FN:144,clearInterval
FN:159,anonymous_21
FN:160,setInterval
FN:160,clearInterval
FN:175,anonymous_24
FNDA:9,loadScript
FNDA:193,createElement
FNDA:186,appendChild
FNDA:15,setAttribute
FNDA:256,collectText
FNDA:248,anonymous_5
FNDA:7,createHarness
FNDA:7,setInterval
FNDA:2,clearInterval
FNDA:10,getStats
FNDA:3,setStats
FNDA:8,text
FNDA:1,anonymous_12
FNDA:1,anonymous_13
FNDA:1,anonymous_14
FNDA:1,anonymous_15
FNDA:1,anonymous_16
FNDA:1,anonymous_17
FNDA:1,anonymous_18
FNDA:0,setInterval
FNDA:0,clearInterval
FNDA:1,anonymous_21
FNDA:0,setInterval
FNDA:0,clearInterval
FNDA:1,anonymous_24
FNF:25
FNH:21
BRDA:1,0,0,1
BRDA:6,1,0,9
BRDA:11,2,0,193
BRDA:18,3,0,186
BRDA:19,4,0,15
BRDA:24,5,0,256
BRDA:26,6,0,248
BRDA:30,7,0,7
BRDA:35,8,0,7
BRDA:40,9,0,2
BRDA:50,10,0,10
BRDA:56,11,0,3
BRDA:57,12,0,8
BRDA:74,13,0,1
BRDA:82,14,0,1
BRDA:96,15,0,1
BRDA:107,16,0,1
BRDA:119,17,0,1
BRDA:133,18,0,1
BRDA:143,19,0,1
BRDA:159,20,0,1
BRDA:175,21,0,1
BRF:22
BRH:22
DA:1,1
DA:2,1
DA:3,1
DA:4,1
DA:5,1
DA:6,9
DA:7,9
DA:8,9
DA:9,9
DA:10,1
DA:11,193
DA:12,193
DA:13,193
DA:14,193
DA:15,193
DA:16,193
DA:17,193
DA:18,193
DA:19,193
DA:20,193
DA:21,193
DA:22,193
DA:23,1
DA:24,256
DA:25,256
DA:26,256
DA:27,256
DA:28,256
DA:29,1
DA:30,7
DA:31,7
DA:32,7
DA:33,7
DA:34,7
DA:35,7
DA:36,7
DA:37,7
DA:38,7
DA:39,7
DA:40,7
DA:41,2
DA:42,2
DA:43,7
DA:44,7
DA:45,7
DA:46,7
DA:47,7
DA:48,7
DA:49,7
DA:50,7
DA:51,7
DA:52,7
DA:53,7
DA:54,7
DA:55,7
DA:56,7
DA:57,7
DA:58,7
DA:59,7
DA:60,1
DA:61,1
DA:62,1
DA:63,1
DA:64,1
DA:65,1
DA:66,1
DA:67,1
DA:68,1
DA:69,1
DA:70,1
DA:71,1
DA:72,1
DA:73,1
DA:74,1
DA:75,1
DA:76,1
DA:77,1
DA:78,1
DA:79,1
DA:80,1
DA:81,1
DA:82,1
DA:83,1
DA:84,1
DA:85,1
DA:86,1
DA:87,1
DA:88,1
DA:89,1
DA:90,1
DA:91,1
DA:92,1
DA:93,1
DA:94,1
DA:95,1
DA:96,1
DA:97,1
DA:98,1
DA:99,1
DA:100,1
DA:101,1
DA:102,1
DA:103,1
DA:104,1
DA:105,1
DA:106,1
DA:107,1
DA:108,1
DA:109,1
DA:110,1
DA:111,1
DA:112,1
DA:113,1
DA:114,1
DA:115,1
DA:116,1
DA:117,1
DA:118,1
DA:119,1
DA:120,1
DA:121,1
DA:122,1
DA:123,1
DA:124,1
DA:125,1
DA:126,1
DA:127,1
DA:128,1
DA:129,1
DA:130,1
DA:131,1
DA:132,1
DA:133,1
DA:134,1
DA:135,1
DA:136,1
DA:137,1
DA:138,1
DA:139,1
DA:140,1
DA:141,1
DA:142,1
DA:143,1
DA:144,1
DA:145,1
DA:146,1
DA:147,1
DA:148,1
DA:149,1
DA:150,1
DA:151,1
DA:152,1
DA:153,1
DA:154,1
DA:155,1
DA:156,1
DA:157,1
DA:158,1
DA:159,1
DA:160,1
DA:161,1
DA:162,1
DA:163,1
DA:164,1
DA:165,1
DA:166,1
DA:167,1
DA:168,1
DA:169,1
DA:170,1
DA:171,1
DA:172,1
DA:173,1
DA:174,1
DA:175,1
DA:176,1
DA:177,1
DA:178,1
DA:179,1
DA:180,1
DA:181,1
LH:181
LF:181
end_of_record
SF:tests/test_mobile_controls.js
FN:6,loadScript
FN:11,createHyperspeedHarness
FN:18,setInterval
FN:23,clearInterval
FN:27,addEventListener
FN:33,shuffle
FN:36,onChange
FN:44,shuffleCount
FN:45,hasVisibilityHandler
FN:46,hide
FN:53,anonymous_10
FN:68,anonymous_11
FN:85,anonymous_12
FN:99,anonymous_13
FN:115,anonymous_14
FN:126,createClassList
FN:130,add
FN:131,remove
FN:132,toggle
FN:136,contains
FN:140,createFullscreenHarness
FN:152,anonymous_21
FN:156,setAttribute
FN:156,removeAttribute
FN:157,addEventListener
FN:158,focus
FN:159,select
FN:163,appendChild
FN:166,createElement
FN:169,appendChild
FN:170,setAttribute
FN:173,getElementById
FN:174,addEventListener
FN:182,create
FN:184,toggle
FN:188,setTimeout
FN:189,clearTimeout
FN:190,setInterval
FN:191,clearInterval
FN:198,keys
FN:199,diagnostics
FN:200,isAudioGuardArmed
FN:201,setAudioGuard
FN:202,toggleAudioGuard
FN:203,isStarted
FN:204,removeCurrentFromShuffle
FN:205,excludedList
FN:206,favoriteCurrentPreset
FN:207,favoritesList
FN:208,next
FN:209,prev
FN:210,random
FN:211,toggleCycle
FN:212,toggleShuffle
FN:213,setCycleSecs
FN:214,getCycleSecs
FN:215,nextDevice
FN:222,create
FN:235,toggles
FN:239,anonymous_59
FN:242,anonymous_60
FN:243,preventDefault
FN:244,preventDefault
FN:245,preventDefault
FN:250,anonymous_64
FN:253,favoriteCurrentPreset
FN:256,anonymous_66
FN:257,preventDefault
FN:258,preventDefault
FN:263,anonymous_69
FN:265,favoritesList
FN:270,anonymous_71
FN:271,preventDefault
FN:275,anonymous_73
FN:276,preventDefault
FN:282,anonymous_75
FN:287,anonymous_76
FN:288,preventDefault
FN:292,anonymous_78
FN:293,preventDefault
FN:298,anonymous_80
FNDA:11,loadScript
FNDA:3,createHyperspeedHarness
FNDA:3,setInterval
FNDA:2,clearInterval
FNDA:1,addEventListener
FNDA:6,shuffle
FNDA:5,onChange
FNDA:5,shuffleCount
FNDA:1,hasVisibilityHandler
FNDA:2,hide
FNDA:1,anonymous_10
FNDA:1,anonymous_11
FNDA:1,anonymous_12
FNDA:1,anonymous_13
FNDA:1,anonymous_14
FNDA:120,createClassList
FNDA:8,add
FNDA:10,remove
FNDA:0,toggle
FNDA:3,contains
FNDA:6,createFullscreenHarness
FNDA:114,anonymous_21
FNDA:0,setAttribute
FNDA:0,removeAttribute
FNDA:48,addEventListener
FNDA:1,focus
FNDA:1,select
FNDA:1,appendChild
FNDA:31,createElement
FNDA:30,appendChild
FNDA:2,setAttribute
FNDA:114,getElementById
FNDA:30,addEventListener
FNDA:6,create
FNDA:2,toggle
FNDA:19,setTimeout
FNDA:13,clearTimeout
FNDA:1,setInterval
FNDA:0,clearInterval
FNDA:6,keys
FNDA:1,diagnostics
FNDA:5,isAudioGuardArmed
FNDA:1,setAudioGuard
FNDA:2,toggleAudioGuard
FNDA:12,isStarted
FNDA:0,removeCurrentFromShuffle
FNDA:0,excludedList
FNDA:0,favoriteCurrentPreset
FNDA:0,favoritesList
FNDA:0,next
FNDA:0,prev
FNDA:0,random
FNDA:0,toggleCycle
FNDA:0,toggleShuffle
FNDA:0,setCycleSecs
FNDA:0,getCycleSecs
FNDA:0,nextDevice
FNDA:6,create
FNDA:1,toggles
FNDA:1,anonymous_59
FNDA:2,anonymous_60
FNDA:1,preventDefault
FNDA:1,preventDefault
FNDA:1,preventDefault
FNDA:1,anonymous_64
FNDA:2,favoriteCurrentPreset
FNDA:2,anonymous_66
FNDA:0,preventDefault
FNDA:0,preventDefault
FNDA:1,anonymous_69
FNDA:1,favoritesList
FNDA:2,anonymous_71
FNDA:0,preventDefault
FNDA:2,anonymous_73
FNDA:0,preventDefault
FNDA:1,anonymous_75
FNDA:2,anonymous_76
FNDA:0,preventDefault
FNDA:2,anonymous_78
FNDA:0,preventDefault
FNDA:1,anonymous_80
FNF:81
FNH:59
BRDA:1,0,0,1
BRDA:6,1,0,11
BRDA:11,2,0,3
BRDA:37,3,0,2
BRDA:18,4,0,3
BRDA:23,5,0,2
BRDA:27,6,0,1
BRDA:33,7,0,6
BRDA:36,8,0,5
BRDA:44,9,0,5
BRDA:45,10,0,1
BRDA:46,11,0,2
BRDA:48,12,0,1
BRDA:53,13,0,1
BRDA:68,14,0,1
BRDA:85,15,0,1
BRDA:99,16,0,1
BRDA:115,17,0,1
BRDA:126,18,0,120
BRDA:130,19,0,8
BRDA:131,20,0,10
BRDA:136,21,0,3
BRDA:140,22,0,6
BRDA:141,23,0,4
BRDA:216,24,0,4
BRDA:221,25,0,4
BRDA:152,26,0,114
BRDA:157,27,0,48
BRDA:158,28,0,1
BRDA:159,29,0,1
BRDA:163,30,0,1
BRDA:166,31,0,31
BRDA:169,32,0,30
BRDA:170,33,0,2
BRDA:173,34,0,114
BRDA:174,35,0,30
BRDA:175,36,0,18
BRDA:182,37,0,6
BRDA:184,38,0,2
BRDA:188,39,0,19
BRDA:189,40,0,13
BRDA:190,41,0,1
BRDA:198,42,0,6
BRDA:199,43,0,1
BRDA:200,44,0,5
BRDA:201,45,0,1
BRDA:202,46,0,2
BRDA:203,47,0,12
BRDA:222,48,0,6
BRDA:235,49,0,1
BRDA:239,50,0,1
BRDA:242,51,0,2
BRDA:243,52,0,1
BRDA:244,53,0,1
BRDA:245,54,0,1
BRDA:250,55,0,1
BRDA:253,56,0,2
BRDA:256,57,0,2
BRDA:263,58,0,1
BRDA:265,59,0,1
BRDA:270,60,0,2
BRDA:275,61,0,2
BRDA:282,62,0,1
BRDA:287,63,0,2
BRDA:292,64,0,2
BRDA:298,65,0,1
BRF:66
BRH:66
DA:1,1
DA:2,1
DA:3,1
DA:4,1
DA:5,1
DA:6,11
DA:7,11
DA:8,11
DA:9,11
DA:10,1
DA:11,3
DA:12,3
DA:13,3
DA:14,3
DA:15,3
DA:16,3
DA:17,3
DA:18,3
DA:19,3
DA:20,3
DA:21,3
DA:22,3
DA:23,3
DA:24,3
DA:25,3
DA:26,3
DA:27,3
DA:28,1
DA:29,3
DA:30,3
DA:31,3
DA:32,3
DA:33,3
DA:34,3
DA:35,3
DA:36,3
DA:37,3
DA:38,3
DA:39,3
DA:40,3
DA:41,3
DA:42,3
DA:43,3
DA:44,3
DA:45,3
DA:46,3
DA:47,2
DA:48,2
DA:49,3
DA:50,3
DA:51,3
DA:52,1
DA:53,1
DA:54,1
DA:55,1
DA:56,1
DA:57,1
DA:58,1
DA:59,1
DA:60,1
DA:61,1
DA:62,1
DA:63,1
DA:64,1
DA:65,1
DA:66,1
DA:67,1
DA:68,1
DA:69,1
DA:70,1
DA:71,1
DA:72,1
DA:73,1
DA:74,1
DA:75,1
DA:76,1
DA:77,1
DA:78,1
DA:79,1
DA:80,1
DA:81,1
DA:82,1
DA:83,1
DA:84,1
DA:85,1
DA:86,1
DA:87,1
DA:88,1
DA:89,1
DA:90,1
DA:91,1
DA:92,1
DA:93,1
DA:94,1
DA:95,1
DA:96,1
DA:97,1
DA:98,1
DA:99,1
DA:100,1
DA:101,1
DA:102,1
DA:103,1
DA:104,1
DA:105,1
DA:106,1
DA:107,1
DA:108,1
DA:109,1
DA:110,1
DA:111,1
DA:112,1
DA:113,1
DA:114,1
DA:115,1
DA:116,1
DA:117,1
DA:118,1
DA:119,1
DA:120,1
DA:121,1
DA:122,1
DA:123,1
DA:124,1
DA:125,1
DA:126,120
DA:127,120
DA:128,120
DA:129,120
DA:130,120
DA:131,120
DA:132,120
DA:133,0
DA:134,0
DA:135,120
DA:136,120
DA:137,120
DA:138,120
DA:139,1
DA:140,6
DA:141,6
DA:142,6
DA:143,6
DA:144,6
DA:145,6
DA:146,6
DA:147,6
DA:148,6
DA:149,6
DA:150,6
DA:151,6
DA:152,6
DA:153,114
DA:154,114
DA:155,114
DA:156,114
DA:157,114
DA:158,114
DA:159,114
DA:160,114
DA:161,6
DA:162,6
DA:163,6
DA:164,6
DA:165,6
DA:166,6
DA:167,31
DA:168,31
DA:169,31
DA:170,31
DA:171,31
DA:172,6
DA:173,6
DA:174,6
DA:175,30
DA:176,30
DA:177,6
DA:178,6
DA:179,6
DA:180,6
DA:181,6
DA:182,6
DA:183,6
DA:184,6
DA:185,6
DA:186,6
DA:187,6
DA:188,6
DA:189,6
DA:190,6
DA:191,6
DA:192,6
DA:193,6
DA:194,6
DA:195,6
DA:196,6
DA:197,6
DA:198,6
DA:199,6
DA:200,6
DA:201,6
DA:202,6
DA:203,6
DA:204,6
DA:205,6
DA:206,6
DA:207,6
DA:208,6
DA:209,6
DA:210,6
DA:211,6
DA:212,6
DA:213,6
DA:214,6
DA:215,6
DA:216,6
DA:217,6
DA:218,6
DA:219,6
DA:220,6
DA:221,6
DA:222,6
DA:223,6
DA:224,6
DA:225,6
DA:226,6
DA:227,6
DA:228,6
DA:229,6
DA:230,6
DA:231,6
DA:232,6
DA:233,6
DA:234,6
DA:235,6
DA:236,6
DA:237,6
DA:238,1
DA:239,1
DA:240,1
DA:241,1
DA:242,1
DA:243,2
DA:244,2
DA:245,2
DA:246,1
DA:247,1
DA:248,1
DA:249,1
DA:250,1
DA:251,1
DA:252,1
DA:253,1
DA:254,1
DA:255,1
DA:256,1
DA:257,2
DA:258,2
DA:259,1
DA:260,1
DA:261,1
DA:262,1
DA:263,1
DA:264,1
DA:265,1
DA:266,1
DA:267,1
DA:268,1
DA:269,1
DA:270,1
DA:271,2
DA:272,1
DA:273,1
DA:274,1
DA:275,1
DA:276,2
DA:277,1
DA:278,1
DA:279,1
DA:280,1
DA:281,1
DA:282,1
DA:283,1
DA:284,1
DA:285,1
DA:286,1
DA:287,1
DA:288,2
DA:289,1
DA:290,1
DA:291,1
DA:292,1
DA:293,2
DA:294,1
DA:295,1
DA:296,1
DA:297,1
DA:298,1
DA:299,1
DA:300,1
DA:301,1
DA:302,1
DA:303,1
DA:304,1
LH:302
LF:304
end_of_record
SF:tests/test_render_driver.js
FN:6,loadScript
FN:12,flushMicrotasks
FN:13,anonymous_2
FN:16,createWorkletNode
FN:21,close
FN:23,connect
FN:24,disconnect
FN:29,createAudioContext
FN:39,addModule
FN:50,createHarness
FN:63,addEventListener
FN:66,requestAnimationFrame
FN:70,cancelAnimationFrame
FN:71,setTimeout
FN:76,clearTimeout
FN:81,request
FN:83,release
FN:93,AudioWorkletNode
FN:107,onTick
FN:114,tickCount
FN:115,runFrame
FN:120,pendingFrames
FN:121,runTimeout
FN:126,pendingTimeouts
FN:130,setHidden
FN:139,anonymous_25
FN:153,anonymous_26
FN:173,anonymous_27
FN:186,anonymous_28
FN:198,anonymous_29
FN:210,anonymous_30
FN:235,anonymous_31
FN:259,anonymous_32
FN:290,anonymous_33
FN:307,anonymous_34
FN:324,anonymous_35
FN:340,anonymous_36
FNDA:13,loadScript
FNDA:30,flushMicrotasks
FNDA:30,anonymous_2
FNDA:8,createWorkletNode
FNDA:0,close
FNDA:8,connect
FNDA:2,disconnect
FNDA:13,createAudioContext
FNDA:9,addModule
FNDA:13,createHarness
FNDA:13,addEventListener
FNDA:26,requestAnimationFrame
FNDA:10,cancelAnimationFrame
FNDA:13,setTimeout
FNDA:9,clearTimeout
FNDA:14,request
FNDA:2,release
FNDA:8,AudioWorkletNode
FNDA:16,onTick
FNDA:19,tickCount
FNDA:12,runFrame
FNDA:2,pendingFrames
FNDA:3,runTimeout
FNDA:1,pendingTimeouts
FNDA:13,setHidden
FNDA:1,anonymous_25
FNDA:1,anonymous_26
FNDA:1,anonymous_27
FNDA:1,anonymous_28
FNDA:1,anonymous_29
FNDA:1,anonymous_30
FNDA:1,anonymous_31
FNDA:1,anonymous_32
FNDA:1,anonymous_33
FNDA:1,anonymous_34
FNDA:1,anonymous_35
FNDA:1,anonymous_36
FNF:37
FNH:36
BRDA:1,0,0,1
BRDA:6,1,0,13
BRDA:12,2,0,30
BRDA:13,3,0,30
BRDA:16,4,0,8
BRDA:23,5,0,8
BRDA:24,6,0,2
BRDA:29,7,0,13
BRDA:30,8,0,11
BRDA:37,9,0,12
BRDA:39,10,0,9
BRDA:42,11,0,1
BRDA:43,12,0,8
BRDA:50,13,0,13
BRDA:51,14,0,11
BRDA:79,15,0,12
BRDA:63,16,0,13
BRDA:66,17,0,26
BRDA:70,18,0,10
BRDA:71,19,0,13
BRDA:76,20,0,9
BRDA:81,21,0,14
BRDA:82,22,0,1
BRDA:82,23,0,13
BRDA:83,24,0,2
BRDA:93,25,0,8
BRDA:107,26,0,16
BRDA:114,27,0,19
BRDA:115,28,0,12
BRDA:120,29,0,2
BRDA:121,30,0,3
BRDA:126,31,0,1
BRDA:130,32,0,13
BRDA:132,33,0,10
BRDA:132,34,0,3
BRDA:139,35,0,1
BRDA:153,36,0,1
BRDA:173,37,0,1
BRDA:186,38,0,1
BRDA:198,39,0,1
BRDA:210,40,0,1
BRDA:235,41,0,1
BRDA:259,42,0,1
BRDA:290,43,0,1
BRDA:307,44,0,1
BRDA:324,45,0,1
BRDA:340,46,0,1
BRF:47
BRH:47
DA:1,1
DA:2,1
DA:3,1
DA:4,1
DA:5,1
DA:6,13
DA:7,13
DA:8,13
DA:9,13
DA:10,1
DA:11,1
DA:12,30
DA:13,30
DA:14,30
DA:15,1
DA:16,8
DA:17,8
DA:18,8
DA:19,8
DA:20,8
DA:21,8
DA:22,8
DA:23,8
DA:24,8
DA:25,8
DA:26,8
DA:27,8
DA:28,1
DA:29,13
DA:30,13
DA:31,13
DA:32,13
DA:33,13
DA:34,13
DA:35,13
DA:36,13
DA:37,13
DA:38,12
DA:39,12
DA:40,9
DA:41,9
DA:42,9
DA:43,9
DA:44,12
DA:45,12
DA:46,12
DA:47,13
DA:48,13
DA:49,1
DA:50,13
DA:51,13
DA:52,13
DA:53,13
DA:54,13
DA:55,13
DA:56,13
DA:57,13
DA:58,13
DA:59,13
DA:60,13
DA:61,13
DA:62,13
DA:63,13
DA:64,13
DA:65,13
DA:66,13
DA:67,26
DA:68,26
DA:69,13
DA:70,13
DA:71,13
DA:72,13
DA:73,13
DA:74,13
DA:75,13
DA:76,13
DA:77,13
DA:78,13
DA:79,13
DA:80,12
DA:81,12
DA:82,14
DA:83,13
DA:84,2
DA:85,2
DA:86,13
DA:87,13
DA:88,13
DA:89,12
DA:90,12
DA:91,12
DA:92,13
DA:93,13
DA:94,8
DA:95,8
DA:96,8
DA:97,8
DA:98,13
DA:99,13
DA:100,13
DA:101,13
DA:102,13
DA:103,13
DA:104,13
DA:105,13
DA:106,13
DA:107,13
DA:108,13
DA:109,13
DA:110,13
DA:111,13
DA:112,13
DA:113,13
DA:114,13
DA:115,13
DA:116,12
DA:117,12
DA:118,12
DA:119,13
DA:120,13
DA:121,13
DA:122,3
DA:123,3
DA:124,3
DA:125,13
DA:126,13
DA:127,13
DA:128,13
DA:129,13
DA:130,13
DA:131,13
DA:132,13
DA:133,13
DA:134,13
DA:135,13
DA:136,13
DA:137,13
DA:138,1
DA:139,1
DA:140,1
DA:141,1
DA:142,1
DA:143,1
DA:144,1
DA:145,1
DA:146,1
DA:147,1
DA:148,1
DA:149,1
DA:150,1
DA:151,1
DA:152,1
DA:153,1
DA:154,1
DA:155,1
DA:156,1
DA:157,1
DA:158,1
DA:159,1
DA:160,1
DA:161,1
DA:162,1
DA:163,1
DA:164,1
DA:165,1
DA:166,1
DA:167,1
DA:168,1
DA:169,1
DA:170,1
DA:171,1
DA:172,1
DA:173,1
DA:174,1
DA:175,1
DA:176,1
DA:177,1
DA:178,1
DA:179,1
DA:180,1
DA:181,1
DA:182,1
DA:183,1
DA:184,1
DA:185,1
DA:186,1
DA:187,1
DA:188,1
DA:189,1
DA:190,1
DA:191,1
DA:192,1
DA:193,1
DA:194,1
DA:195,1
DA:196,1
DA:197,1
DA:198,1
DA:199,1
DA:200,1
DA:201,1
DA:202,1
DA:203,1
DA:204,1
DA:205,1
DA:206,1
DA:207,1
DA:208,1
DA:209,1
DA:210,1
DA:211,1
DA:212,1
DA:213,1
DA:214,1
DA:215,1
DA:216,1
DA:217,1
DA:218,1
DA:219,1
DA:220,1
DA:221,1
DA:222,1
DA:223,1
DA:224,1
DA:225,1
DA:226,1
DA:227,1
DA:228,1
DA:229,1
DA:230,1
DA:231,1
DA:232,1
DA:233,1
DA:234,1
DA:235,1
DA:236,1
DA:237,1
DA:238,1
DA:239,1
DA:240,1
DA:241,1
DA:242,1
DA:243,1
DA:244,1
DA:245,1
DA:246,1
DA:247,1
DA:248,1
DA:249,1
DA:250,1
DA:251,1
DA:252,1
DA:253,1
DA:254,1
DA:255,1
DA:256,1
DA:257,1
DA:258,1
DA:259,1
DA:260,1
DA:261,1
DA:262,1
DA:263,1
DA:264,1
DA:265,1
DA:266,1
DA:267,1
DA:268,1
DA:269,1
DA:270,1
DA:271,1
DA:272,1
DA:273,1
DA:274,1
DA:275,1
DA:276,1
DA:277,1
DA:278,1
DA:279,1
DA:280,1
DA:281,1
DA:282,1
DA:283,1
DA:284,1
DA:285,1
DA:286,1
DA:287,1
DA:288,1
DA:289,1
DA:290,1
DA:291,1
DA:292,1
DA:293,1
DA:294,1
DA:295,1
DA:296,1
DA:297,1
DA:298,1
DA:299,1
DA:300,1
DA:301,1
DA:302,1
DA:303,1
DA:304,1
DA:305,1
DA:306,1
DA:307,1
DA:308,1
DA:309,1
DA:310,1
DA:311,1
DA:312,1
DA:313,1
DA:314,1
DA:315,1
DA:316,1
DA:317,1
DA:318,1
DA:319,1
DA:320,1
DA:321,1
DA:322,1
DA:323,1
DA:324,1
DA:325,1
DA:326,1
DA:327,1
DA:328,1
DA:329,1
DA:330,1
DA:331,1
DA:332,1
DA:333,1
DA:334,1
DA:335,1
DA:336,1
DA:337,1
DA:338,1
DA:339,1
DA:340,1
DA:341,1
DA:342,1
DA:343,1
DA:344,1
DA:345,1
DA:346,1
DA:347,1
DA:348,1
DA:349,1
DA:350,1
DA:351,1
DA:352,1
DA:353,1
DA:354,1
LH:354
LF:354
end_of_record
SF:tools/convert-milk-presets.js
FN:77,convertShader
FN:99,convertWaveOrShape
FN:156,validateEquation
FN:169,validatePresetEquations
FN:174,anonymous_4
FN:185,convertMilkText
FN:226,findMilkFiles
FN:239,runBatch
FN:278,main
FNDA:0,convertShader
FNDA:0,convertWaveOrShape
FNDA:3,validateEquation
FNDA:3,validatePresetEquations
FNDA:0,anonymous_4
FNDA:0,convertMilkText
FNDA:0,findMilkFiles
FNDA:0,runBatch
FNDA:0,main
FNF:9
FNH:2
BRDA:1,0,0,1
BRDA:303,1,0,0
BRDA:156,2,0,3
BRDA:157,3,0,1
BRDA:157,4,0,2
BRDA:157,5,0,1
BRDA:163,6,0,0
BRDA:169,7,0,1
BRDA:170,8,0,3
BRDA:173,9,0,2
BRF:10
BRH:8
DA:1,1
DA:2,1
DA:3,1
DA:4,1
DA:5,1
DA:6,1
DA:7,1
DA:8,1
DA:9,1
DA:10,1
DA:11,1
DA:12,1
DA:13,1
DA:14,1
DA:15,1
DA:16,1
DA:17,1
DA:18,1
DA:19,1
DA:20,1
DA:21,1
DA:22,1
DA:23,1
DA:24,1
DA:25,1
DA:26,1
DA:27,1
DA:28,1
DA:29,1
DA:30,1
DA:31,1
DA:32,1
DA:33,1
DA:34,1
DA:35,1
DA:36,1
DA:37,1
DA:38,1
DA:39,1
DA:40,1
DA:41,1
DA:42,1
DA:43,1
DA:44,1
DA:45,1
DA:46,1
DA:47,1
DA:48,1
DA:49,1
DA:50,1
DA:51,1
DA:52,1
DA:53,1
DA:54,1
DA:55,1
DA:56,1
DA:57,1
DA:58,1
DA:59,1
DA:60,1
DA:61,1
DA:62,1
DA:63,1
DA:64,1
DA:65,1
DA:66,1
DA:67,1
DA:68,1
DA:69,1
DA:70,1
DA:71,1
DA:72,1
DA:73,1
DA:74,1
DA:75,1
DA:76,1
DA:77,0
DA:78,0
DA:79,0
DA:80,0
DA:81,0
DA:82,0
DA:83,0
DA:84,0
DA:85,0
DA:86,0
DA:87,0
DA:88,0
DA:89,0
DA:90,0
DA:91,0
DA:92,0
DA:93,0
DA:94,0
DA:95,1
DA:96,1
DA:97,1
DA:98,1
DA:99,0
DA:100,0
DA:101,0
DA:102,0
DA:103,0
DA:104,0
DA:105,0
DA:106,0
DA:107,0
DA:108,0
DA:109,0
DA:110,0
DA:111,0
DA:112,0
DA:113,0
DA:114,0
DA:115,0
DA:116,0
DA:117,0
DA:118,0
DA:119,0
DA:120,0
DA:121,0
DA:122,0
DA:123,0
DA:124,0
DA:125,0
DA:126,0
DA:127,0
DA:128,0
DA:129,0
DA:130,0
DA:131,0
DA:132,0
DA:133,0
DA:134,0
DA:135,0
DA:136,0
DA:137,0
DA:138,0
DA:139,0
DA:140,0
DA:141,0
DA:142,0
DA:143,0
DA:144,0
DA:145,0
DA:146,0
DA:147,0
DA:148,0
DA:149,0
DA:150,0
DA:151,0
DA:152,0
DA:153,0
DA:154,1
DA:155,1
DA:156,3
DA:157,3
DA:158,1
DA:159,1
DA:160,1
DA:161,1
DA:162,1
DA:163,3
DA:164,0
DA:165,0
DA:166,3
DA:167,1
DA:168,1
DA:169,1
DA:170,1
DA:171,3
DA:172,3
DA:173,1
DA:174,2
DA:175,0
DA:176,0
DA:177,0
DA:178,2
DA:179,2
DA:180,1
DA:181,1
DA:182,1
DA:183,1
DA:184,1
DA:185,0
DA:186,0
DA:187,0
DA:188,0
DA:189,0
DA:190,0
DA:191,0
DA:192,0
DA:193,0
DA:194,0
DA:195,0
DA:196,0
DA:197,0
DA:198,0
DA:199,0
DA:200,0
DA:201,0
DA:202,0
DA:203,0
DA:204,0
DA:205,0
DA:206,0
DA:207,0
DA:208,0
DA:209,0
DA:210,0
DA:211,0
DA:212,0
DA:213,0
DA:214,0
DA:215,0
DA:216,0
DA:217,0
DA:218,0
DA:219,0
DA:220,0
DA:221,0
DA:222,0
DA:223,0
DA:224,1
DA:225,1
DA:226,0
DA:227,0
DA:228,0
DA:229,0
DA:230,0
DA:231,0
DA:232,0
DA:233,0
DA:234,0
DA:235,1
DA:236,1
DA:237,1
DA:238,1
DA:239,0
DA:240,0
DA:241,0
DA:242,0
DA:243,0
DA:244,0
DA:245,0
DA:246,0
DA:247,0
DA:248,0
DA:249,0
DA:250,0
DA:251,0
DA:252,0
DA:253,0
DA:254,0
DA:255,0
DA:256,0
DA:257,0
DA:258,0
DA:259,0
DA:260,0
DA:261,0
DA:262,0
DA:263,0
DA:264,0
DA:265,0
DA:266,0
DA:267,0
DA:268,0
DA:269,0
DA:270,0
DA:271,0
DA:272,0
DA:273,0
DA:274,1
DA:275,1
DA:276,1
DA:277,1
DA:278,0
DA:279,0
DA:280,0
DA:281,0
DA:282,0
DA:283,0
DA:284,0
DA:285,0
DA:286,0
DA:287,0
DA:288,0
DA:289,0
DA:290,0
DA:291,0
DA:292,0
DA:293,0
DA:294,0
DA:295,0
DA:296,0
DA:297,0
DA:298,0
DA:299,0
DA:300,1
DA:301,1
DA:302,1
DA:303,1
LH:120
LF:303
end_of_record
